+ Fold01: mtry=  1 
- Fold01: mtry=  1 
+ Fold01: mtry=  2 
- Fold01: mtry=  2 
+ Fold01: mtry=  3 
- Fold01: mtry=  3 
+ Fold01: mtry=  4 
- Fold01: mtry=  4 
+ Fold01: mtry=  5 
- Fold01: mtry=  5 
+ Fold01: mtry=  6 
- Fold01: mtry=  6 
+ Fold01: mtry=  7 
- Fold01: mtry=  7 
+ Fold01: mtry=  8 
- Fold01: mtry=  8 
+ Fold01: mtry=  9 
- Fold01: mtry=  9 
+ Fold01: mtry= 10 
- Fold01: mtry= 10 
+ Fold01: mtry= 11 
- Fold01: mtry= 11 
+ Fold01: mtry= 12 
- Fold01: mtry= 12 
+ Fold01: mtry= 13 
- Fold01: mtry= 13 
+ Fold01: mtry= 14 
- Fold01: mtry= 14 
+ Fold01: mtry= 15 
- Fold01: mtry= 15 
+ Fold01: mtry= 16 
- Fold01: mtry= 16 
+ Fold01: mtry= 17 
- Fold01: mtry= 17 
+ Fold01: mtry= 18 
- Fold01: mtry= 18 
+ Fold01: mtry= 19 
- Fold01: mtry= 19 
+ Fold01: mtry= 20 
- Fold01: mtry= 20 
+ Fold01: mtry= 21 
- Fold01: mtry= 21 
+ Fold01: mtry= 22 
- Fold01: mtry= 22 
+ Fold01: mtry= 23 
- Fold01: mtry= 23 
+ Fold01: mtry= 24 
- Fold01: mtry= 24 
+ Fold01: mtry= 25 
- Fold01: mtry= 25 
+ Fold01: mtry= 26 
- Fold01: mtry= 26 
+ Fold01: mtry= 27 
- Fold01: mtry= 27 
+ Fold01: mtry= 28 
- Fold01: mtry= 28 
+ Fold01: mtry= 29 
- Fold01: mtry= 29 
+ Fold01: mtry= 30 
- Fold01: mtry= 30 
+ Fold01: mtry= 31 
- Fold01: mtry= 31 
+ Fold01: mtry= 32 
- Fold01: mtry= 32 
+ Fold01: mtry= 33 
- Fold01: mtry= 33 
+ Fold01: mtry= 34 
- Fold01: mtry= 34 
+ Fold01: mtry= 35 
- Fold01: mtry= 35 
+ Fold01: mtry= 36 
- Fold01: mtry= 36 
+ Fold01: mtry= 37 
- Fold01: mtry= 37 
+ Fold01: mtry= 38 
- Fold01: mtry= 38 
+ Fold01: mtry= 39 
- Fold01: mtry= 39 
+ Fold01: mtry= 40 
- Fold01: mtry= 40 
+ Fold01: mtry= 41 
- Fold01: mtry= 41 
+ Fold01: mtry= 42 
- Fold01: mtry= 42 
+ Fold01: mtry= 43 
- Fold01: mtry= 43 
+ Fold01: mtry= 44 
- Fold01: mtry= 44 
+ Fold01: mtry= 45 
- Fold01: mtry= 45 
+ Fold01: mtry= 46 
- Fold01: mtry= 46 
+ Fold01: mtry= 47 
- Fold01: mtry= 47 
+ Fold01: mtry= 48 
- Fold01: mtry= 48 
+ Fold01: mtry= 49 
- Fold01: mtry= 49 
+ Fold01: mtry= 50 
- Fold01: mtry= 50 
+ Fold01: mtry= 51 
- Fold01: mtry= 51 
+ Fold01: mtry= 52 
- Fold01: mtry= 52 
+ Fold01: mtry= 53 
- Fold01: mtry= 53 
+ Fold01: mtry= 54 
- Fold01: mtry= 54 
+ Fold01: mtry= 55 
- Fold01: mtry= 55 
+ Fold01: mtry= 56 
- Fold01: mtry= 56 
+ Fold01: mtry= 57 
- Fold01: mtry= 57 
+ Fold01: mtry= 58 
- Fold01: mtry= 58 
+ Fold01: mtry= 59 
- Fold01: mtry= 59 
+ Fold01: mtry= 60 
- Fold01: mtry= 60 
+ Fold01: mtry= 61 
- Fold01: mtry= 61 
+ Fold01: mtry= 62 
- Fold01: mtry= 62 
+ Fold01: mtry= 63 
- Fold01: mtry= 63 
+ Fold01: mtry= 64 
- Fold01: mtry= 64 
+ Fold01: mtry= 65 
- Fold01: mtry= 65 
+ Fold01: mtry= 66 
- Fold01: mtry= 66 
+ Fold01: mtry= 67 
- Fold01: mtry= 67 
+ Fold01: mtry= 68 
- Fold01: mtry= 68 
+ Fold01: mtry= 69 
- Fold01: mtry= 69 
+ Fold01: mtry= 70 
- Fold01: mtry= 70 
+ Fold01: mtry= 71 
- Fold01: mtry= 71 
+ Fold01: mtry= 72 
- Fold01: mtry= 72 
+ Fold01: mtry= 73 
- Fold01: mtry= 73 
+ Fold01: mtry= 74 
- Fold01: mtry= 74 
+ Fold01: mtry= 75 
- Fold01: mtry= 75 
+ Fold01: mtry= 76 
- Fold01: mtry= 76 
+ Fold01: mtry= 77 
- Fold01: mtry= 77 
+ Fold01: mtry= 78 
- Fold01: mtry= 78 
+ Fold01: mtry= 79 
- Fold01: mtry= 79 
+ Fold01: mtry= 80 
- Fold01: mtry= 80 
+ Fold01: mtry= 81 
- Fold01: mtry= 81 
+ Fold01: mtry= 82 
- Fold01: mtry= 82 
+ Fold01: mtry= 83 
- Fold01: mtry= 83 
+ Fold01: mtry= 84 
- Fold01: mtry= 84 
+ Fold01: mtry= 85 
- Fold01: mtry= 85 
+ Fold01: mtry= 86 
- Fold01: mtry= 86 
+ Fold01: mtry= 87 
- Fold01: mtry= 87 
+ Fold01: mtry= 88 
- Fold01: mtry= 88 
+ Fold01: mtry= 89 
- Fold01: mtry= 89 
+ Fold01: mtry= 90 
- Fold01: mtry= 90 
+ Fold01: mtry= 91 
- Fold01: mtry= 91 
+ Fold01: mtry= 92 
- Fold01: mtry= 92 
+ Fold01: mtry= 93 
- Fold01: mtry= 93 
+ Fold01: mtry= 94 
- Fold01: mtry= 94 
+ Fold01: mtry= 95 
- Fold01: mtry= 95 
+ Fold01: mtry= 96 
- Fold01: mtry= 96 
+ Fold01: mtry= 97 
- Fold01: mtry= 97 
+ Fold01: mtry= 98 
- Fold01: mtry= 98 
+ Fold01: mtry= 99 
- Fold01: mtry= 99 
+ Fold01: mtry=100 
- Fold01: mtry=100 
+ Fold01: mtry=101 
- Fold01: mtry=101 
+ Fold01: mtry=102 
- Fold01: mtry=102 
+ Fold01: mtry=103 
- Fold01: mtry=103 
+ Fold01: mtry=104 
- Fold01: mtry=104 
+ Fold01: mtry=105 
- Fold01: mtry=105 
+ Fold01: mtry=106 
- Fold01: mtry=106 
+ Fold01: mtry=107 
- Fold01: mtry=107 
+ Fold01: mtry=108 
- Fold01: mtry=108 
+ Fold01: mtry=109 
- Fold01: mtry=109 
+ Fold01: mtry=110 
- Fold01: mtry=110 
+ Fold01: mtry=111 
- Fold01: mtry=111 
+ Fold01: mtry=112 
- Fold01: mtry=112 
+ Fold01: mtry=113 
- Fold01: mtry=113 
+ Fold01: mtry=114 
- Fold01: mtry=114 
+ Fold01: mtry=115 
- Fold01: mtry=115 
+ Fold01: mtry=116 
- Fold01: mtry=116 
+ Fold01: mtry=117 
- Fold01: mtry=117 
+ Fold01: mtry=118 
- Fold01: mtry=118 
+ Fold01: mtry=119 
- Fold01: mtry=119 
+ Fold01: mtry=120 
- Fold01: mtry=120 
+ Fold01: mtry=121 
- Fold01: mtry=121 
+ Fold01: mtry=122 
- Fold01: mtry=122 
+ Fold01: mtry=123 
- Fold01: mtry=123 
+ Fold01: mtry=124 
- Fold01: mtry=124 
+ Fold01: mtry=125 
- Fold01: mtry=125 
+ Fold01: mtry=126 
- Fold01: mtry=126 
+ Fold01: mtry=127 
- Fold01: mtry=127 
+ Fold01: mtry=128 
- Fold01: mtry=128 
+ Fold01: mtry=129 
- Fold01: mtry=129 
+ Fold01: mtry=130 
- Fold01: mtry=130 
+ Fold01: mtry=131 
- Fold01: mtry=131 
+ Fold01: mtry=132 
- Fold01: mtry=132 
+ Fold01: mtry=133 
- Fold01: mtry=133 
+ Fold01: mtry=134 
- Fold01: mtry=134 
+ Fold01: mtry=135 
- Fold01: mtry=135 
+ Fold01: mtry=136 
- Fold01: mtry=136 
+ Fold01: mtry=137 
- Fold01: mtry=137 
+ Fold01: mtry=138 
- Fold01: mtry=138 
+ Fold01: mtry=139 
- Fold01: mtry=139 
+ Fold01: mtry=140 
- Fold01: mtry=140 
+ Fold01: mtry=141 
- Fold01: mtry=141 
+ Fold01: mtry=142 
- Fold01: mtry=142 
+ Fold01: mtry=143 
- Fold01: mtry=143 
+ Fold01: mtry=144 
- Fold01: mtry=144 
+ Fold01: mtry=145 
- Fold01: mtry=145 
+ Fold01: mtry=146 
- Fold01: mtry=146 
+ Fold01: mtry=147 
- Fold01: mtry=147 
+ Fold01: mtry=148 
- Fold01: mtry=148 
+ Fold01: mtry=149 
- Fold01: mtry=149 
+ Fold01: mtry=150 
- Fold01: mtry=150 
+ Fold01: mtry=151 
- Fold01: mtry=151 
+ Fold01: mtry=152 
- Fold01: mtry=152 
+ Fold01: mtry=153 
- Fold01: mtry=153 
+ Fold01: mtry=154 
- Fold01: mtry=154 
+ Fold01: mtry=155 
- Fold01: mtry=155 
+ Fold01: mtry=156 
- Fold01: mtry=156 
+ Fold01: mtry=157 
- Fold01: mtry=157 
+ Fold01: mtry=158 
- Fold01: mtry=158 
+ Fold01: mtry=159 
- Fold01: mtry=159 
+ Fold01: mtry=160 
- Fold01: mtry=160 
+ Fold01: mtry=161 
- Fold01: mtry=161 
+ Fold01: mtry=162 
- Fold01: mtry=162 
+ Fold01: mtry=163 
- Fold01: mtry=163 
+ Fold01: mtry=164 
- Fold01: mtry=164 
+ Fold01: mtry=165 
- Fold01: mtry=165 
+ Fold01: mtry=166 
- Fold01: mtry=166 
+ Fold01: mtry=167 
- Fold01: mtry=167 
+ Fold01: mtry=168 
- Fold01: mtry=168 
+ Fold01: mtry=169 
- Fold01: mtry=169 
+ Fold01: mtry=170 
- Fold01: mtry=170 
+ Fold01: mtry=171 
- Fold01: mtry=171 
+ Fold01: mtry=172 
- Fold01: mtry=172 
+ Fold01: mtry=173 
- Fold01: mtry=173 
+ Fold01: mtry=174 
- Fold01: mtry=174 
+ Fold01: mtry=175 
- Fold01: mtry=175 
+ Fold01: mtry=176 
- Fold01: mtry=176 
+ Fold01: mtry=177 
- Fold01: mtry=177 
+ Fold01: mtry=178 
- Fold01: mtry=178 
+ Fold01: mtry=179 
- Fold01: mtry=179 
+ Fold01: mtry=180 
- Fold01: mtry=180 
+ Fold01: mtry=181 
- Fold01: mtry=181 
+ Fold01: mtry=182 
- Fold01: mtry=182 
+ Fold01: mtry=183 
- Fold01: mtry=183 
+ Fold01: mtry=184 
- Fold01: mtry=184 
+ Fold01: mtry=185 
- Fold01: mtry=185 
+ Fold01: mtry=186 
- Fold01: mtry=186 
+ Fold01: mtry=187 
- Fold01: mtry=187 
+ Fold01: mtry=188 
- Fold01: mtry=188 
+ Fold01: mtry=189 
- Fold01: mtry=189 
+ Fold01: mtry=190 
- Fold01: mtry=190 
+ Fold01: mtry=191 
- Fold01: mtry=191 
+ Fold01: mtry=192 
- Fold01: mtry=192 
+ Fold01: mtry=193 
- Fold01: mtry=193 
+ Fold01: mtry=194 
- Fold01: mtry=194 
+ Fold01: mtry=195 
- Fold01: mtry=195 
+ Fold01: mtry=196 
- Fold01: mtry=196 
+ Fold01: mtry=197 
- Fold01: mtry=197 
+ Fold01: mtry=198 
- Fold01: mtry=198 
+ Fold01: mtry=199 
- Fold01: mtry=199 
+ Fold01: mtry=200 
- Fold01: mtry=200 
+ Fold01: mtry=201 
- Fold01: mtry=201 
+ Fold01: mtry=202 
- Fold01: mtry=202 
+ Fold01: mtry=203 
- Fold01: mtry=203 
+ Fold01: mtry=204 
- Fold01: mtry=204 
+ Fold01: mtry=205 
- Fold01: mtry=205 
+ Fold01: mtry=206 
- Fold01: mtry=206 
+ Fold02: mtry=  1 
- Fold02: mtry=  1 
+ Fold02: mtry=  2 
- Fold02: mtry=  2 
+ Fold02: mtry=  3 
- Fold02: mtry=  3 
+ Fold02: mtry=  4 
- Fold02: mtry=  4 
+ Fold02: mtry=  5 
- Fold02: mtry=  5 
+ Fold02: mtry=  6 
- Fold02: mtry=  6 
+ Fold02: mtry=  7 
- Fold02: mtry=  7 
+ Fold02: mtry=  8 
- Fold02: mtry=  8 
+ Fold02: mtry=  9 
- Fold02: mtry=  9 
+ Fold02: mtry= 10 
- Fold02: mtry= 10 
+ Fold02: mtry= 11 
- Fold02: mtry= 11 
+ Fold02: mtry= 12 
- Fold02: mtry= 12 
+ Fold02: mtry= 13 
- Fold02: mtry= 13 
+ Fold02: mtry= 14 
- Fold02: mtry= 14 
+ Fold02: mtry= 15 
- Fold02: mtry= 15 
+ Fold02: mtry= 16 
- Fold02: mtry= 16 
+ Fold02: mtry= 17 
- Fold02: mtry= 17 
+ Fold02: mtry= 18 
- Fold02: mtry= 18 
+ Fold02: mtry= 19 
- Fold02: mtry= 19 
+ Fold02: mtry= 20 
- Fold02: mtry= 20 
+ Fold02: mtry= 21 
- Fold02: mtry= 21 
+ Fold02: mtry= 22 
- Fold02: mtry= 22 
+ Fold02: mtry= 23 
- Fold02: mtry= 23 
+ Fold02: mtry= 24 
- Fold02: mtry= 24 
+ Fold02: mtry= 25 
- Fold02: mtry= 25 
+ Fold02: mtry= 26 
- Fold02: mtry= 26 
+ Fold02: mtry= 27 
- Fold02: mtry= 27 
+ Fold02: mtry= 28 
- Fold02: mtry= 28 
+ Fold02: mtry= 29 
- Fold02: mtry= 29 
+ Fold02: mtry= 30 
- Fold02: mtry= 30 
+ Fold02: mtry= 31 
- Fold02: mtry= 31 
+ Fold02: mtry= 32 
- Fold02: mtry= 32 
+ Fold02: mtry= 33 
- Fold02: mtry= 33 
+ Fold02: mtry= 34 
- Fold02: mtry= 34 
+ Fold02: mtry= 35 
- Fold02: mtry= 35 
+ Fold02: mtry= 36 
- Fold02: mtry= 36 
+ Fold02: mtry= 37 
- Fold02: mtry= 37 
+ Fold02: mtry= 38 
- Fold02: mtry= 38 
+ Fold02: mtry= 39 
- Fold02: mtry= 39 
+ Fold02: mtry= 40 
- Fold02: mtry= 40 
+ Fold02: mtry= 41 
- Fold02: mtry= 41 
+ Fold02: mtry= 42 
- Fold02: mtry= 42 
+ Fold02: mtry= 43 
- Fold02: mtry= 43 
+ Fold02: mtry= 44 
- Fold02: mtry= 44 
+ Fold02: mtry= 45 
- Fold02: mtry= 45 
+ Fold02: mtry= 46 
- Fold02: mtry= 46 
+ Fold02: mtry= 47 
- Fold02: mtry= 47 
+ Fold02: mtry= 48 
- Fold02: mtry= 48 
+ Fold02: mtry= 49 
- Fold02: mtry= 49 
+ Fold02: mtry= 50 
- Fold02: mtry= 50 
+ Fold02: mtry= 51 
- Fold02: mtry= 51 
+ Fold02: mtry= 52 
- Fold02: mtry= 52 
+ Fold02: mtry= 53 
- Fold02: mtry= 53 
+ Fold02: mtry= 54 
- Fold02: mtry= 54 
+ Fold02: mtry= 55 
- Fold02: mtry= 55 
+ Fold02: mtry= 56 
- Fold02: mtry= 56 
+ Fold02: mtry= 57 
- Fold02: mtry= 57 
+ Fold02: mtry= 58 
- Fold02: mtry= 58 
+ Fold02: mtry= 59 
- Fold02: mtry= 59 
+ Fold02: mtry= 60 
- Fold02: mtry= 60 
+ Fold02: mtry= 61 
- Fold02: mtry= 61 
+ Fold02: mtry= 62 
- Fold02: mtry= 62 
+ Fold02: mtry= 63 
- Fold02: mtry= 63 
+ Fold02: mtry= 64 
- Fold02: mtry= 64 
+ Fold02: mtry= 65 
- Fold02: mtry= 65 
+ Fold02: mtry= 66 
- Fold02: mtry= 66 
+ Fold02: mtry= 67 
- Fold02: mtry= 67 
+ Fold02: mtry= 68 
- Fold02: mtry= 68 
+ Fold02: mtry= 69 
- Fold02: mtry= 69 
+ Fold02: mtry= 70 
- Fold02: mtry= 70 
+ Fold02: mtry= 71 
- Fold02: mtry= 71 
+ Fold02: mtry= 72 
- Fold02: mtry= 72 
+ Fold02: mtry= 73 
- Fold02: mtry= 73 
+ Fold02: mtry= 74 
- Fold02: mtry= 74 
+ Fold02: mtry= 75 
- Fold02: mtry= 75 
+ Fold02: mtry= 76 
- Fold02: mtry= 76 
+ Fold02: mtry= 77 
- Fold02: mtry= 77 
+ Fold02: mtry= 78 
- Fold02: mtry= 78 
+ Fold02: mtry= 79 
- Fold02: mtry= 79 
+ Fold02: mtry= 80 
- Fold02: mtry= 80 
+ Fold02: mtry= 81 
- Fold02: mtry= 81 
+ Fold02: mtry= 82 
- Fold02: mtry= 82 
+ Fold02: mtry= 83 
- Fold02: mtry= 83 
+ Fold02: mtry= 84 
- Fold02: mtry= 84 
+ Fold02: mtry= 85 
- Fold02: mtry= 85 
+ Fold02: mtry= 86 
- Fold02: mtry= 86 
+ Fold02: mtry= 87 
- Fold02: mtry= 87 
+ Fold02: mtry= 88 
- Fold02: mtry= 88 
+ Fold02: mtry= 89 
- Fold02: mtry= 89 
+ Fold02: mtry= 90 
- Fold02: mtry= 90 
+ Fold02: mtry= 91 
- Fold02: mtry= 91 
+ Fold02: mtry= 92 
- Fold02: mtry= 92 
+ Fold02: mtry= 93 
- Fold02: mtry= 93 
+ Fold02: mtry= 94 
- Fold02: mtry= 94 
+ Fold02: mtry= 95 
- Fold02: mtry= 95 
+ Fold02: mtry= 96 
- Fold02: mtry= 96 
+ Fold02: mtry= 97 
- Fold02: mtry= 97 
+ Fold02: mtry= 98 
- Fold02: mtry= 98 
+ Fold02: mtry= 99 
- Fold02: mtry= 99 
+ Fold02: mtry=100 
- Fold02: mtry=100 
+ Fold02: mtry=101 
- Fold02: mtry=101 
+ Fold02: mtry=102 
- Fold02: mtry=102 
+ Fold02: mtry=103 
- Fold02: mtry=103 
+ Fold02: mtry=104 
- Fold02: mtry=104 
+ Fold02: mtry=105 
- Fold02: mtry=105 
+ Fold02: mtry=106 
- Fold02: mtry=106 
+ Fold02: mtry=107 
- Fold02: mtry=107 
+ Fold02: mtry=108 
- Fold02: mtry=108 
+ Fold02: mtry=109 
- Fold02: mtry=109 
+ Fold02: mtry=110 
- Fold02: mtry=110 
+ Fold02: mtry=111 
- Fold02: mtry=111 
+ Fold02: mtry=112 
- Fold02: mtry=112 
+ Fold02: mtry=113 
- Fold02: mtry=113 
+ Fold02: mtry=114 
- Fold02: mtry=114 
+ Fold02: mtry=115 
- Fold02: mtry=115 
+ Fold02: mtry=116 
- Fold02: mtry=116 
+ Fold02: mtry=117 
- Fold02: mtry=117 
+ Fold02: mtry=118 
- Fold02: mtry=118 
+ Fold02: mtry=119 
- Fold02: mtry=119 
+ Fold02: mtry=120 
- Fold02: mtry=120 
+ Fold02: mtry=121 
- Fold02: mtry=121 
+ Fold02: mtry=122 
- Fold02: mtry=122 
+ Fold02: mtry=123 
- Fold02: mtry=123 
+ Fold02: mtry=124 
- Fold02: mtry=124 
+ Fold02: mtry=125 
- Fold02: mtry=125 
+ Fold02: mtry=126 
- Fold02: mtry=126 
+ Fold02: mtry=127 
- Fold02: mtry=127 
+ Fold02: mtry=128 
- Fold02: mtry=128 
+ Fold02: mtry=129 
- Fold02: mtry=129 
+ Fold02: mtry=130 
- Fold02: mtry=130 
+ Fold02: mtry=131 
- Fold02: mtry=131 
+ Fold02: mtry=132 
- Fold02: mtry=132 
+ Fold02: mtry=133 
- Fold02: mtry=133 
+ Fold02: mtry=134 
- Fold02: mtry=134 
+ Fold02: mtry=135 
- Fold02: mtry=135 
+ Fold02: mtry=136 
- Fold02: mtry=136 
+ Fold02: mtry=137 
- Fold02: mtry=137 
+ Fold02: mtry=138 
- Fold02: mtry=138 
+ Fold02: mtry=139 
- Fold02: mtry=139 
+ Fold02: mtry=140 
- Fold02: mtry=140 
+ Fold02: mtry=141 
- Fold02: mtry=141 
+ Fold02: mtry=142 
- Fold02: mtry=142 
+ Fold02: mtry=143 
- Fold02: mtry=143 
+ Fold02: mtry=144 
- Fold02: mtry=144 
+ Fold02: mtry=145 
- Fold02: mtry=145 
+ Fold02: mtry=146 
- Fold02: mtry=146 
+ Fold02: mtry=147 
- Fold02: mtry=147 
+ Fold02: mtry=148 
- Fold02: mtry=148 
+ Fold02: mtry=149 
- Fold02: mtry=149 
+ Fold02: mtry=150 
- Fold02: mtry=150 
+ Fold02: mtry=151 
- Fold02: mtry=151 
+ Fold02: mtry=152 
- Fold02: mtry=152 
+ Fold02: mtry=153 
- Fold02: mtry=153 
+ Fold02: mtry=154 
- Fold02: mtry=154 
+ Fold02: mtry=155 
- Fold02: mtry=155 
+ Fold02: mtry=156 
- Fold02: mtry=156 
+ Fold02: mtry=157 
- Fold02: mtry=157 
+ Fold02: mtry=158 
- Fold02: mtry=158 
+ Fold02: mtry=159 
- Fold02: mtry=159 
+ Fold02: mtry=160 
- Fold02: mtry=160 
+ Fold02: mtry=161 
- Fold02: mtry=161 
+ Fold02: mtry=162 
- Fold02: mtry=162 
+ Fold02: mtry=163 
- Fold02: mtry=163 
+ Fold02: mtry=164 
- Fold02: mtry=164 
+ Fold02: mtry=165 
- Fold02: mtry=165 
+ Fold02: mtry=166 
- Fold02: mtry=166 
+ Fold02: mtry=167 
- Fold02: mtry=167 
+ Fold02: mtry=168 
- Fold02: mtry=168 
+ Fold02: mtry=169 
- Fold02: mtry=169 
+ Fold02: mtry=170 
- Fold02: mtry=170 
+ Fold02: mtry=171 
- Fold02: mtry=171 
+ Fold02: mtry=172 
- Fold02: mtry=172 
+ Fold02: mtry=173 
- Fold02: mtry=173 
+ Fold02: mtry=174 
- Fold02: mtry=174 
+ Fold02: mtry=175 
- Fold02: mtry=175 
+ Fold02: mtry=176 
- Fold02: mtry=176 
+ Fold02: mtry=177 
- Fold02: mtry=177 
+ Fold02: mtry=178 
- Fold02: mtry=178 
+ Fold02: mtry=179 
- Fold02: mtry=179 
+ Fold02: mtry=180 
- Fold02: mtry=180 
+ Fold02: mtry=181 
- Fold02: mtry=181 
+ Fold02: mtry=182 
- Fold02: mtry=182 
+ Fold02: mtry=183 
- Fold02: mtry=183 
+ Fold02: mtry=184 
- Fold02: mtry=184 
+ Fold02: mtry=185 
- Fold02: mtry=185 
+ Fold02: mtry=186 
- Fold02: mtry=186 
+ Fold02: mtry=187 
- Fold02: mtry=187 
+ Fold02: mtry=188 
- Fold02: mtry=188 
+ Fold02: mtry=189 
- Fold02: mtry=189 
+ Fold02: mtry=190 
- Fold02: mtry=190 
+ Fold02: mtry=191 
- Fold02: mtry=191 
+ Fold02: mtry=192 
- Fold02: mtry=192 
+ Fold02: mtry=193 
- Fold02: mtry=193 
+ Fold02: mtry=194 
- Fold02: mtry=194 
+ Fold02: mtry=195 
- Fold02: mtry=195 
+ Fold02: mtry=196 
- Fold02: mtry=196 
+ Fold02: mtry=197 
- Fold02: mtry=197 
+ Fold02: mtry=198 
- Fold02: mtry=198 
+ Fold02: mtry=199 
- Fold02: mtry=199 
+ Fold02: mtry=200 
- Fold02: mtry=200 
+ Fold02: mtry=201 
- Fold02: mtry=201 
+ Fold02: mtry=202 
- Fold02: mtry=202 
+ Fold02: mtry=203 
- Fold02: mtry=203 
+ Fold02: mtry=204 
- Fold02: mtry=204 
+ Fold02: mtry=205 
- Fold02: mtry=205 
+ Fold02: mtry=206 
- Fold02: mtry=206 
+ Fold03: mtry=  1 
- Fold03: mtry=  1 
+ Fold03: mtry=  2 
- Fold03: mtry=  2 
+ Fold03: mtry=  3 
- Fold03: mtry=  3 
+ Fold03: mtry=  4 
- Fold03: mtry=  4 
+ Fold03: mtry=  5 
- Fold03: mtry=  5 
+ Fold03: mtry=  6 
- Fold03: mtry=  6 
+ Fold03: mtry=  7 
- Fold03: mtry=  7 
+ Fold03: mtry=  8 
- Fold03: mtry=  8 
+ Fold03: mtry=  9 
- Fold03: mtry=  9 
+ Fold03: mtry= 10 
- Fold03: mtry= 10 
+ Fold03: mtry= 11 
- Fold03: mtry= 11 
+ Fold03: mtry= 12 
- Fold03: mtry= 12 
+ Fold03: mtry= 13 
- Fold03: mtry= 13 
+ Fold03: mtry= 14 
- Fold03: mtry= 14 
+ Fold03: mtry= 15 
- Fold03: mtry= 15 
+ Fold03: mtry= 16 
- Fold03: mtry= 16 
+ Fold03: mtry= 17 
- Fold03: mtry= 17 
+ Fold03: mtry= 18 
- Fold03: mtry= 18 
+ Fold03: mtry= 19 
- Fold03: mtry= 19 
+ Fold03: mtry= 20 
- Fold03: mtry= 20 
+ Fold03: mtry= 21 
- Fold03: mtry= 21 
+ Fold03: mtry= 22 
- Fold03: mtry= 22 
+ Fold03: mtry= 23 
- Fold03: mtry= 23 
+ Fold03: mtry= 24 
- Fold03: mtry= 24 
+ Fold03: mtry= 25 
- Fold03: mtry= 25 
+ Fold03: mtry= 26 
- Fold03: mtry= 26 
+ Fold03: mtry= 27 
- Fold03: mtry= 27 
+ Fold03: mtry= 28 
- Fold03: mtry= 28 
+ Fold03: mtry= 29 
- Fold03: mtry= 29 
+ Fold03: mtry= 30 
- Fold03: mtry= 30 
+ Fold03: mtry= 31 
- Fold03: mtry= 31 
+ Fold03: mtry= 32 
- Fold03: mtry= 32 
+ Fold03: mtry= 33 
- Fold03: mtry= 33 
+ Fold03: mtry= 34 
- Fold03: mtry= 34 
+ Fold03: mtry= 35 
- Fold03: mtry= 35 
+ Fold03: mtry= 36 
- Fold03: mtry= 36 
+ Fold03: mtry= 37 
- Fold03: mtry= 37 
+ Fold03: mtry= 38 
- Fold03: mtry= 38 
+ Fold03: mtry= 39 
- Fold03: mtry= 39 
+ Fold03: mtry= 40 
- Fold03: mtry= 40 
+ Fold03: mtry= 41 
- Fold03: mtry= 41 
+ Fold03: mtry= 42 
- Fold03: mtry= 42 
+ Fold03: mtry= 43 
- Fold03: mtry= 43 
+ Fold03: mtry= 44 
- Fold03: mtry= 44 
+ Fold03: mtry= 45 
- Fold03: mtry= 45 
+ Fold03: mtry= 46 
- Fold03: mtry= 46 
+ Fold03: mtry= 47 
- Fold03: mtry= 47 
+ Fold03: mtry= 48 
- Fold03: mtry= 48 
+ Fold03: mtry= 49 
- Fold03: mtry= 49 
+ Fold03: mtry= 50 
- Fold03: mtry= 50 
+ Fold03: mtry= 51 
- Fold03: mtry= 51 
+ Fold03: mtry= 52 
- Fold03: mtry= 52 
+ Fold03: mtry= 53 
- Fold03: mtry= 53 
+ Fold03: mtry= 54 
- Fold03: mtry= 54 
+ Fold03: mtry= 55 
- Fold03: mtry= 55 
+ Fold03: mtry= 56 
- Fold03: mtry= 56 
+ Fold03: mtry= 57 
- Fold03: mtry= 57 
+ Fold03: mtry= 58 
- Fold03: mtry= 58 
+ Fold03: mtry= 59 
- Fold03: mtry= 59 
+ Fold03: mtry= 60 
- Fold03: mtry= 60 
+ Fold03: mtry= 61 
- Fold03: mtry= 61 
+ Fold03: mtry= 62 
- Fold03: mtry= 62 
+ Fold03: mtry= 63 
- Fold03: mtry= 63 
+ Fold03: mtry= 64 
- Fold03: mtry= 64 
+ Fold03: mtry= 65 
- Fold03: mtry= 65 
+ Fold03: mtry= 66 
- Fold03: mtry= 66 
+ Fold03: mtry= 67 
- Fold03: mtry= 67 
+ Fold03: mtry= 68 
- Fold03: mtry= 68 
+ Fold03: mtry= 69 
- Fold03: mtry= 69 
+ Fold03: mtry= 70 
- Fold03: mtry= 70 
+ Fold03: mtry= 71 
- Fold03: mtry= 71 
+ Fold03: mtry= 72 
- Fold03: mtry= 72 
+ Fold03: mtry= 73 
- Fold03: mtry= 73 
+ Fold03: mtry= 74 
- Fold03: mtry= 74 
+ Fold03: mtry= 75 
- Fold03: mtry= 75 
+ Fold03: mtry= 76 
- Fold03: mtry= 76 
+ Fold03: mtry= 77 
- Fold03: mtry= 77 
+ Fold03: mtry= 78 
- Fold03: mtry= 78 
+ Fold03: mtry= 79 
- Fold03: mtry= 79 
+ Fold03: mtry= 80 
- Fold03: mtry= 80 
+ Fold03: mtry= 81 
- Fold03: mtry= 81 
+ Fold03: mtry= 82 
- Fold03: mtry= 82 
+ Fold03: mtry= 83 
- Fold03: mtry= 83 
+ Fold03: mtry= 84 
- Fold03: mtry= 84 
+ Fold03: mtry= 85 
- Fold03: mtry= 85 
+ Fold03: mtry= 86 
- Fold03: mtry= 86 
+ Fold03: mtry= 87 
- Fold03: mtry= 87 
+ Fold03: mtry= 88 
- Fold03: mtry= 88 
+ Fold03: mtry= 89 
- Fold03: mtry= 89 
+ Fold03: mtry= 90 
- Fold03: mtry= 90 
+ Fold03: mtry= 91 
- Fold03: mtry= 91 
+ Fold03: mtry= 92 
- Fold03: mtry= 92 
+ Fold03: mtry= 93 
- Fold03: mtry= 93 
+ Fold03: mtry= 94 
- Fold03: mtry= 94 
+ Fold03: mtry= 95 
- Fold03: mtry= 95 
+ Fold03: mtry= 96 
- Fold03: mtry= 96 
+ Fold03: mtry= 97 
- Fold03: mtry= 97 
+ Fold03: mtry= 98 
- Fold03: mtry= 98 
+ Fold03: mtry= 99 
- Fold03: mtry= 99 
+ Fold03: mtry=100 
- Fold03: mtry=100 
+ Fold03: mtry=101 
- Fold03: mtry=101 
+ Fold03: mtry=102 
- Fold03: mtry=102 
+ Fold03: mtry=103 
- Fold03: mtry=103 
+ Fold03: mtry=104 
- Fold03: mtry=104 
+ Fold03: mtry=105 
- Fold03: mtry=105 
+ Fold03: mtry=106 
- Fold03: mtry=106 
+ Fold03: mtry=107 
- Fold03: mtry=107 
+ Fold03: mtry=108 
- Fold03: mtry=108 
+ Fold03: mtry=109 
- Fold03: mtry=109 
+ Fold03: mtry=110 
- Fold03: mtry=110 
+ Fold03: mtry=111 
- Fold03: mtry=111 
+ Fold03: mtry=112 
- Fold03: mtry=112 
+ Fold03: mtry=113 
- Fold03: mtry=113 
+ Fold03: mtry=114 
- Fold03: mtry=114 
+ Fold03: mtry=115 
- Fold03: mtry=115 
+ Fold03: mtry=116 
- Fold03: mtry=116 
+ Fold03: mtry=117 
- Fold03: mtry=117 
+ Fold03: mtry=118 
- Fold03: mtry=118 
+ Fold03: mtry=119 
- Fold03: mtry=119 
+ Fold03: mtry=120 
- Fold03: mtry=120 
+ Fold03: mtry=121 
- Fold03: mtry=121 
+ Fold03: mtry=122 
- Fold03: mtry=122 
+ Fold03: mtry=123 
- Fold03: mtry=123 
+ Fold03: mtry=124 
- Fold03: mtry=124 
+ Fold03: mtry=125 
- Fold03: mtry=125 
+ Fold03: mtry=126 
- Fold03: mtry=126 
+ Fold03: mtry=127 
- Fold03: mtry=127 
+ Fold03: mtry=128 
- Fold03: mtry=128 
+ Fold03: mtry=129 
- Fold03: mtry=129 
+ Fold03: mtry=130 
- Fold03: mtry=130 
+ Fold03: mtry=131 
- Fold03: mtry=131 
+ Fold03: mtry=132 
- Fold03: mtry=132 
+ Fold03: mtry=133 
- Fold03: mtry=133 
+ Fold03: mtry=134 
- Fold03: mtry=134 
+ Fold03: mtry=135 
- Fold03: mtry=135 
+ Fold03: mtry=136 
- Fold03: mtry=136 
+ Fold03: mtry=137 
- Fold03: mtry=137 
+ Fold03: mtry=138 
- Fold03: mtry=138 
+ Fold03: mtry=139 
- Fold03: mtry=139 
+ Fold03: mtry=140 
- Fold03: mtry=140 
+ Fold03: mtry=141 
- Fold03: mtry=141 
+ Fold03: mtry=142 
- Fold03: mtry=142 
+ Fold03: mtry=143 
- Fold03: mtry=143 
+ Fold03: mtry=144 
- Fold03: mtry=144 
+ Fold03: mtry=145 
- Fold03: mtry=145 
+ Fold03: mtry=146 
- Fold03: mtry=146 
+ Fold03: mtry=147 
- Fold03: mtry=147 
+ Fold03: mtry=148 
- Fold03: mtry=148 
+ Fold03: mtry=149 
- Fold03: mtry=149 
+ Fold03: mtry=150 
- Fold03: mtry=150 
+ Fold03: mtry=151 
- Fold03: mtry=151 
+ Fold03: mtry=152 
- Fold03: mtry=152 
+ Fold03: mtry=153 
- Fold03: mtry=153 
+ Fold03: mtry=154 
- Fold03: mtry=154 
+ Fold03: mtry=155 
- Fold03: mtry=155 
+ Fold03: mtry=156 
- Fold03: mtry=156 
+ Fold03: mtry=157 
- Fold03: mtry=157 
+ Fold03: mtry=158 
- Fold03: mtry=158 
+ Fold03: mtry=159 
- Fold03: mtry=159 
+ Fold03: mtry=160 
- Fold03: mtry=160 
+ Fold03: mtry=161 
- Fold03: mtry=161 
+ Fold03: mtry=162 
- Fold03: mtry=162 
+ Fold03: mtry=163 
- Fold03: mtry=163 
+ Fold03: mtry=164 
- Fold03: mtry=164 
+ Fold03: mtry=165 
- Fold03: mtry=165 
+ Fold03: mtry=166 
- Fold03: mtry=166 
+ Fold03: mtry=167 
- Fold03: mtry=167 
+ Fold03: mtry=168 
- Fold03: mtry=168 
+ Fold03: mtry=169 
- Fold03: mtry=169 
+ Fold03: mtry=170 
- Fold03: mtry=170 
+ Fold03: mtry=171 
- Fold03: mtry=171 
+ Fold03: mtry=172 
- Fold03: mtry=172 
+ Fold03: mtry=173 
- Fold03: mtry=173 
+ Fold03: mtry=174 
- Fold03: mtry=174 
+ Fold03: mtry=175 
- Fold03: mtry=175 
+ Fold03: mtry=176 
- Fold03: mtry=176 
+ Fold03: mtry=177 
- Fold03: mtry=177 
+ Fold03: mtry=178 
- Fold03: mtry=178 
+ Fold03: mtry=179 
- Fold03: mtry=179 
+ Fold03: mtry=180 
- Fold03: mtry=180 
+ Fold03: mtry=181 
- Fold03: mtry=181 
+ Fold03: mtry=182 
- Fold03: mtry=182 
+ Fold03: mtry=183 
- Fold03: mtry=183 
+ Fold03: mtry=184 
- Fold03: mtry=184 
+ Fold03: mtry=185 
- Fold03: mtry=185 
+ Fold03: mtry=186 
- Fold03: mtry=186 
+ Fold03: mtry=187 
- Fold03: mtry=187 
+ Fold03: mtry=188 
- Fold03: mtry=188 
+ Fold03: mtry=189 
- Fold03: mtry=189 
+ Fold03: mtry=190 
- Fold03: mtry=190 
+ Fold03: mtry=191 
- Fold03: mtry=191 
+ Fold03: mtry=192 
- Fold03: mtry=192 
+ Fold03: mtry=193 
- Fold03: mtry=193 
+ Fold03: mtry=194 
- Fold03: mtry=194 
+ Fold03: mtry=195 
- Fold03: mtry=195 
+ Fold03: mtry=196 
- Fold03: mtry=196 
+ Fold03: mtry=197 
- Fold03: mtry=197 
+ Fold03: mtry=198 
- Fold03: mtry=198 
+ Fold03: mtry=199 
- Fold03: mtry=199 
+ Fold03: mtry=200 
- Fold03: mtry=200 
+ Fold03: mtry=201 
- Fold03: mtry=201 
+ Fold03: mtry=202 
- Fold03: mtry=202 
+ Fold03: mtry=203 
- Fold03: mtry=203 
+ Fold03: mtry=204 
- Fold03: mtry=204 
+ Fold03: mtry=205 
- Fold03: mtry=205 
+ Fold03: mtry=206 
- Fold03: mtry=206 
+ Fold04: mtry=  1 
- Fold04: mtry=  1 
+ Fold04: mtry=  2 
- Fold04: mtry=  2 
+ Fold04: mtry=  3 
- Fold04: mtry=  3 
+ Fold04: mtry=  4 
- Fold04: mtry=  4 
+ Fold04: mtry=  5 
- Fold04: mtry=  5 
+ Fold04: mtry=  6 
- Fold04: mtry=  6 
+ Fold04: mtry=  7 
- Fold04: mtry=  7 
+ Fold04: mtry=  8 
- Fold04: mtry=  8 
+ Fold04: mtry=  9 
- Fold04: mtry=  9 
+ Fold04: mtry= 10 
- Fold04: mtry= 10 
+ Fold04: mtry= 11 
- Fold04: mtry= 11 
+ Fold04: mtry= 12 
- Fold04: mtry= 12 
+ Fold04: mtry= 13 
- Fold04: mtry= 13 
+ Fold04: mtry= 14 
- Fold04: mtry= 14 
+ Fold04: mtry= 15 
- Fold04: mtry= 15 
+ Fold04: mtry= 16 
- Fold04: mtry= 16 
+ Fold04: mtry= 17 
- Fold04: mtry= 17 
+ Fold04: mtry= 18 
- Fold04: mtry= 18 
+ Fold04: mtry= 19 
- Fold04: mtry= 19 
+ Fold04: mtry= 20 
- Fold04: mtry= 20 
+ Fold04: mtry= 21 
- Fold04: mtry= 21 
+ Fold04: mtry= 22 
- Fold04: mtry= 22 
+ Fold04: mtry= 23 
- Fold04: mtry= 23 
+ Fold04: mtry= 24 
- Fold04: mtry= 24 
+ Fold04: mtry= 25 
- Fold04: mtry= 25 
+ Fold04: mtry= 26 
- Fold04: mtry= 26 
+ Fold04: mtry= 27 
- Fold04: mtry= 27 
+ Fold04: mtry= 28 
- Fold04: mtry= 28 
+ Fold04: mtry= 29 
- Fold04: mtry= 29 
+ Fold04: mtry= 30 
- Fold04: mtry= 30 
+ Fold04: mtry= 31 
- Fold04: mtry= 31 
+ Fold04: mtry= 32 
- Fold04: mtry= 32 
+ Fold04: mtry= 33 
- Fold04: mtry= 33 
+ Fold04: mtry= 34 
- Fold04: mtry= 34 
+ Fold04: mtry= 35 
- Fold04: mtry= 35 
+ Fold04: mtry= 36 
- Fold04: mtry= 36 
+ Fold04: mtry= 37 
- Fold04: mtry= 37 
+ Fold04: mtry= 38 
- Fold04: mtry= 38 
+ Fold04: mtry= 39 
- Fold04: mtry= 39 
+ Fold04: mtry= 40 
- Fold04: mtry= 40 
+ Fold04: mtry= 41 
- Fold04: mtry= 41 
+ Fold04: mtry= 42 
- Fold04: mtry= 42 
+ Fold04: mtry= 43 
- Fold04: mtry= 43 
+ Fold04: mtry= 44 
- Fold04: mtry= 44 
+ Fold04: mtry= 45 
- Fold04: mtry= 45 
+ Fold04: mtry= 46 
- Fold04: mtry= 46 
+ Fold04: mtry= 47 
- Fold04: mtry= 47 
+ Fold04: mtry= 48 
- Fold04: mtry= 48 
+ Fold04: mtry= 49 
- Fold04: mtry= 49 
+ Fold04: mtry= 50 
- Fold04: mtry= 50 
+ Fold04: mtry= 51 
- Fold04: mtry= 51 
+ Fold04: mtry= 52 
- Fold04: mtry= 52 
+ Fold04: mtry= 53 
- Fold04: mtry= 53 
+ Fold04: mtry= 54 
- Fold04: mtry= 54 
+ Fold04: mtry= 55 
- Fold04: mtry= 55 
+ Fold04: mtry= 56 
- Fold04: mtry= 56 
+ Fold04: mtry= 57 
- Fold04: mtry= 57 
+ Fold04: mtry= 58 
- Fold04: mtry= 58 
+ Fold04: mtry= 59 
- Fold04: mtry= 59 
+ Fold04: mtry= 60 
- Fold04: mtry= 60 
+ Fold04: mtry= 61 
- Fold04: mtry= 61 
+ Fold04: mtry= 62 
- Fold04: mtry= 62 
+ Fold04: mtry= 63 
- Fold04: mtry= 63 
+ Fold04: mtry= 64 
- Fold04: mtry= 64 
+ Fold04: mtry= 65 
- Fold04: mtry= 65 
+ Fold04: mtry= 66 
- Fold04: mtry= 66 
+ Fold04: mtry= 67 
- Fold04: mtry= 67 
+ Fold04: mtry= 68 
- Fold04: mtry= 68 
+ Fold04: mtry= 69 
- Fold04: mtry= 69 
+ Fold04: mtry= 70 
- Fold04: mtry= 70 
+ Fold04: mtry= 71 
- Fold04: mtry= 71 
+ Fold04: mtry= 72 
- Fold04: mtry= 72 
+ Fold04: mtry= 73 
- Fold04: mtry= 73 
+ Fold04: mtry= 74 
- Fold04: mtry= 74 
+ Fold04: mtry= 75 
- Fold04: mtry= 75 
+ Fold04: mtry= 76 
- Fold04: mtry= 76 
+ Fold04: mtry= 77 
- Fold04: mtry= 77 
+ Fold04: mtry= 78 
- Fold04: mtry= 78 
+ Fold04: mtry= 79 
- Fold04: mtry= 79 
+ Fold04: mtry= 80 
- Fold04: mtry= 80 
+ Fold04: mtry= 81 
- Fold04: mtry= 81 
+ Fold04: mtry= 82 
- Fold04: mtry= 82 
+ Fold04: mtry= 83 
- Fold04: mtry= 83 
+ Fold04: mtry= 84 
- Fold04: mtry= 84 
+ Fold04: mtry= 85 
- Fold04: mtry= 85 
+ Fold04: mtry= 86 
- Fold04: mtry= 86 
+ Fold04: mtry= 87 
- Fold04: mtry= 87 
+ Fold04: mtry= 88 
- Fold04: mtry= 88 
+ Fold04: mtry= 89 
- Fold04: mtry= 89 
+ Fold04: mtry= 90 
- Fold04: mtry= 90 
+ Fold04: mtry= 91 
- Fold04: mtry= 91 
+ Fold04: mtry= 92 
- Fold04: mtry= 92 
+ Fold04: mtry= 93 
- Fold04: mtry= 93 
+ Fold04: mtry= 94 
- Fold04: mtry= 94 
+ Fold04: mtry= 95 
- Fold04: mtry= 95 
+ Fold04: mtry= 96 
- Fold04: mtry= 96 
+ Fold04: mtry= 97 
- Fold04: mtry= 97 
+ Fold04: mtry= 98 
- Fold04: mtry= 98 
+ Fold04: mtry= 99 
- Fold04: mtry= 99 
+ Fold04: mtry=100 
- Fold04: mtry=100 
+ Fold04: mtry=101 
- Fold04: mtry=101 
+ Fold04: mtry=102 
- Fold04: mtry=102 
+ Fold04: mtry=103 
- Fold04: mtry=103 
+ Fold04: mtry=104 
- Fold04: mtry=104 
+ Fold04: mtry=105 
- Fold04: mtry=105 
+ Fold04: mtry=106 
- Fold04: mtry=106 
+ Fold04: mtry=107 
- Fold04: mtry=107 
+ Fold04: mtry=108 
- Fold04: mtry=108 
+ Fold04: mtry=109 
- Fold04: mtry=109 
+ Fold04: mtry=110 
- Fold04: mtry=110 
+ Fold04: mtry=111 
- Fold04: mtry=111 
+ Fold04: mtry=112 
- Fold04: mtry=112 
+ Fold04: mtry=113 
- Fold04: mtry=113 
+ Fold04: mtry=114 
- Fold04: mtry=114 
+ Fold04: mtry=115 
- Fold04: mtry=115 
+ Fold04: mtry=116 
- Fold04: mtry=116 
+ Fold04: mtry=117 
- Fold04: mtry=117 
+ Fold04: mtry=118 
- Fold04: mtry=118 
+ Fold04: mtry=119 
- Fold04: mtry=119 
+ Fold04: mtry=120 
- Fold04: mtry=120 
+ Fold04: mtry=121 
- Fold04: mtry=121 
+ Fold04: mtry=122 
- Fold04: mtry=122 
+ Fold04: mtry=123 
- Fold04: mtry=123 
+ Fold04: mtry=124 
- Fold04: mtry=124 
+ Fold04: mtry=125 
- Fold04: mtry=125 
+ Fold04: mtry=126 
- Fold04: mtry=126 
+ Fold04: mtry=127 
- Fold04: mtry=127 
+ Fold04: mtry=128 
- Fold04: mtry=128 
+ Fold04: mtry=129 
- Fold04: mtry=129 
+ Fold04: mtry=130 
- Fold04: mtry=130 
+ Fold04: mtry=131 
- Fold04: mtry=131 
+ Fold04: mtry=132 
- Fold04: mtry=132 
+ Fold04: mtry=133 
- Fold04: mtry=133 
+ Fold04: mtry=134 
- Fold04: mtry=134 
+ Fold04: mtry=135 
- Fold04: mtry=135 
+ Fold04: mtry=136 
- Fold04: mtry=136 
+ Fold04: mtry=137 
- Fold04: mtry=137 
+ Fold04: mtry=138 
- Fold04: mtry=138 
+ Fold04: mtry=139 
- Fold04: mtry=139 
+ Fold04: mtry=140 
- Fold04: mtry=140 
+ Fold04: mtry=141 
- Fold04: mtry=141 
+ Fold04: mtry=142 
- Fold04: mtry=142 
+ Fold04: mtry=143 
- Fold04: mtry=143 
+ Fold04: mtry=144 
- Fold04: mtry=144 
+ Fold04: mtry=145 
- Fold04: mtry=145 
+ Fold04: mtry=146 
- Fold04: mtry=146 
+ Fold04: mtry=147 
- Fold04: mtry=147 
+ Fold04: mtry=148 
- Fold04: mtry=148 
+ Fold04: mtry=149 
- Fold04: mtry=149 
+ Fold04: mtry=150 
- Fold04: mtry=150 
+ Fold04: mtry=151 
- Fold04: mtry=151 
+ Fold04: mtry=152 
- Fold04: mtry=152 
+ Fold04: mtry=153 
- Fold04: mtry=153 
+ Fold04: mtry=154 
- Fold04: mtry=154 
+ Fold04: mtry=155 
- Fold04: mtry=155 
+ Fold04: mtry=156 
- Fold04: mtry=156 
+ Fold04: mtry=157 
- Fold04: mtry=157 
+ Fold04: mtry=158 
- Fold04: mtry=158 
+ Fold04: mtry=159 
- Fold04: mtry=159 
+ Fold04: mtry=160 
- Fold04: mtry=160 
+ Fold04: mtry=161 
- Fold04: mtry=161 
+ Fold04: mtry=162 
- Fold04: mtry=162 
+ Fold04: mtry=163 
- Fold04: mtry=163 
+ Fold04: mtry=164 
- Fold04: mtry=164 
+ Fold04: mtry=165 
- Fold04: mtry=165 
+ Fold04: mtry=166 
- Fold04: mtry=166 
+ Fold04: mtry=167 
- Fold04: mtry=167 
+ Fold04: mtry=168 
- Fold04: mtry=168 
+ Fold04: mtry=169 
- Fold04: mtry=169 
+ Fold04: mtry=170 
- Fold04: mtry=170 
+ Fold04: mtry=171 
- Fold04: mtry=171 
+ Fold04: mtry=172 
- Fold04: mtry=172 
+ Fold04: mtry=173 
- Fold04: mtry=173 
+ Fold04: mtry=174 
- Fold04: mtry=174 
+ Fold04: mtry=175 
- Fold04: mtry=175 
+ Fold04: mtry=176 
- Fold04: mtry=176 
+ Fold04: mtry=177 
- Fold04: mtry=177 
+ Fold04: mtry=178 
- Fold04: mtry=178 
+ Fold04: mtry=179 
- Fold04: mtry=179 
+ Fold04: mtry=180 
- Fold04: mtry=180 
+ Fold04: mtry=181 
- Fold04: mtry=181 
+ Fold04: mtry=182 
- Fold04: mtry=182 
+ Fold04: mtry=183 
- Fold04: mtry=183 
+ Fold04: mtry=184 
- Fold04: mtry=184 
+ Fold04: mtry=185 
- Fold04: mtry=185 
+ Fold04: mtry=186 
- Fold04: mtry=186 
+ Fold04: mtry=187 
- Fold04: mtry=187 
+ Fold04: mtry=188 
- Fold04: mtry=188 
+ Fold04: mtry=189 
- Fold04: mtry=189 
+ Fold04: mtry=190 
- Fold04: mtry=190 
+ Fold04: mtry=191 
- Fold04: mtry=191 
+ Fold04: mtry=192 
- Fold04: mtry=192 
+ Fold04: mtry=193 
- Fold04: mtry=193 
+ Fold04: mtry=194 
- Fold04: mtry=194 
+ Fold04: mtry=195 
- Fold04: mtry=195 
+ Fold04: mtry=196 
- Fold04: mtry=196 
+ Fold04: mtry=197 
- Fold04: mtry=197 
+ Fold04: mtry=198 
- Fold04: mtry=198 
+ Fold04: mtry=199 
- Fold04: mtry=199 
+ Fold04: mtry=200 
- Fold04: mtry=200 
+ Fold04: mtry=201 
- Fold04: mtry=201 
+ Fold04: mtry=202 
- Fold04: mtry=202 
+ Fold04: mtry=203 
- Fold04: mtry=203 
+ Fold04: mtry=204 
- Fold04: mtry=204 
+ Fold04: mtry=205 
- Fold04: mtry=205 
+ Fold04: mtry=206 
- Fold04: mtry=206 
+ Fold05: mtry=  1 
- Fold05: mtry=  1 
+ Fold05: mtry=  2 
- Fold05: mtry=  2 
+ Fold05: mtry=  3 
- Fold05: mtry=  3 
+ Fold05: mtry=  4 
- Fold05: mtry=  4 
+ Fold05: mtry=  5 
- Fold05: mtry=  5 
+ Fold05: mtry=  6 
- Fold05: mtry=  6 
+ Fold05: mtry=  7 
- Fold05: mtry=  7 
+ Fold05: mtry=  8 
- Fold05: mtry=  8 
+ Fold05: mtry=  9 
- Fold05: mtry=  9 
+ Fold05: mtry= 10 
- Fold05: mtry= 10 
+ Fold05: mtry= 11 
- Fold05: mtry= 11 
+ Fold05: mtry= 12 
- Fold05: mtry= 12 
+ Fold05: mtry= 13 
- Fold05: mtry= 13 
+ Fold05: mtry= 14 
- Fold05: mtry= 14 
+ Fold05: mtry= 15 
- Fold05: mtry= 15 
+ Fold05: mtry= 16 
- Fold05: mtry= 16 
+ Fold05: mtry= 17 
- Fold05: mtry= 17 
+ Fold05: mtry= 18 
- Fold05: mtry= 18 
+ Fold05: mtry= 19 
- Fold05: mtry= 19 
+ Fold05: mtry= 20 
- Fold05: mtry= 20 
+ Fold05: mtry= 21 
- Fold05: mtry= 21 
+ Fold05: mtry= 22 
- Fold05: mtry= 22 
+ Fold05: mtry= 23 
- Fold05: mtry= 23 
+ Fold05: mtry= 24 
- Fold05: mtry= 24 
+ Fold05: mtry= 25 
- Fold05: mtry= 25 
+ Fold05: mtry= 26 
- Fold05: mtry= 26 
+ Fold05: mtry= 27 
- Fold05: mtry= 27 
+ Fold05: mtry= 28 
- Fold05: mtry= 28 
+ Fold05: mtry= 29 
- Fold05: mtry= 29 
+ Fold05: mtry= 30 
- Fold05: mtry= 30 
+ Fold05: mtry= 31 
- Fold05: mtry= 31 
+ Fold05: mtry= 32 
- Fold05: mtry= 32 
+ Fold05: mtry= 33 
- Fold05: mtry= 33 
+ Fold05: mtry= 34 
- Fold05: mtry= 34 
+ Fold05: mtry= 35 
- Fold05: mtry= 35 
+ Fold05: mtry= 36 
- Fold05: mtry= 36 
+ Fold05: mtry= 37 
- Fold05: mtry= 37 
+ Fold05: mtry= 38 
- Fold05: mtry= 38 
+ Fold05: mtry= 39 
- Fold05: mtry= 39 
+ Fold05: mtry= 40 
- Fold05: mtry= 40 
+ Fold05: mtry= 41 
- Fold05: mtry= 41 
+ Fold05: mtry= 42 
- Fold05: mtry= 42 
+ Fold05: mtry= 43 
- Fold05: mtry= 43 
+ Fold05: mtry= 44 
- Fold05: mtry= 44 
+ Fold05: mtry= 45 
- Fold05: mtry= 45 
+ Fold05: mtry= 46 
- Fold05: mtry= 46 
+ Fold05: mtry= 47 
- Fold05: mtry= 47 
+ Fold05: mtry= 48 
- Fold05: mtry= 48 
+ Fold05: mtry= 49 
- Fold05: mtry= 49 
+ Fold05: mtry= 50 
- Fold05: mtry= 50 
+ Fold05: mtry= 51 
- Fold05: mtry= 51 
+ Fold05: mtry= 52 
- Fold05: mtry= 52 
+ Fold05: mtry= 53 
- Fold05: mtry= 53 
+ Fold05: mtry= 54 
- Fold05: mtry= 54 
+ Fold05: mtry= 55 
- Fold05: mtry= 55 
+ Fold05: mtry= 56 
- Fold05: mtry= 56 
+ Fold05: mtry= 57 
- Fold05: mtry= 57 
+ Fold05: mtry= 58 
- Fold05: mtry= 58 
+ Fold05: mtry= 59 
- Fold05: mtry= 59 
+ Fold05: mtry= 60 
- Fold05: mtry= 60 
+ Fold05: mtry= 61 
- Fold05: mtry= 61 
+ Fold05: mtry= 62 
- Fold05: mtry= 62 
+ Fold05: mtry= 63 
- Fold05: mtry= 63 
+ Fold05: mtry= 64 
- Fold05: mtry= 64 
+ Fold05: mtry= 65 
- Fold05: mtry= 65 
+ Fold05: mtry= 66 
- Fold05: mtry= 66 
+ Fold05: mtry= 67 
- Fold05: mtry= 67 
+ Fold05: mtry= 68 
- Fold05: mtry= 68 
+ Fold05: mtry= 69 
- Fold05: mtry= 69 
+ Fold05: mtry= 70 
- Fold05: mtry= 70 
+ Fold05: mtry= 71 
- Fold05: mtry= 71 
+ Fold05: mtry= 72 
- Fold05: mtry= 72 
+ Fold05: mtry= 73 
- Fold05: mtry= 73 
+ Fold05: mtry= 74 
- Fold05: mtry= 74 
+ Fold05: mtry= 75 
- Fold05: mtry= 75 
+ Fold05: mtry= 76 
- Fold05: mtry= 76 
+ Fold05: mtry= 77 
- Fold05: mtry= 77 
+ Fold05: mtry= 78 
- Fold05: mtry= 78 
+ Fold05: mtry= 79 
- Fold05: mtry= 79 
+ Fold05: mtry= 80 
- Fold05: mtry= 80 
+ Fold05: mtry= 81 
- Fold05: mtry= 81 
+ Fold05: mtry= 82 
- Fold05: mtry= 82 
+ Fold05: mtry= 83 
- Fold05: mtry= 83 
+ Fold05: mtry= 84 
- Fold05: mtry= 84 
+ Fold05: mtry= 85 
- Fold05: mtry= 85 
+ Fold05: mtry= 86 
- Fold05: mtry= 86 
+ Fold05: mtry= 87 
- Fold05: mtry= 87 
+ Fold05: mtry= 88 
- Fold05: mtry= 88 
+ Fold05: mtry= 89 
- Fold05: mtry= 89 
+ Fold05: mtry= 90 
- Fold05: mtry= 90 
+ Fold05: mtry= 91 
- Fold05: mtry= 91 
+ Fold05: mtry= 92 
- Fold05: mtry= 92 
+ Fold05: mtry= 93 
- Fold05: mtry= 93 
+ Fold05: mtry= 94 
- Fold05: mtry= 94 
+ Fold05: mtry= 95 
- Fold05: mtry= 95 
+ Fold05: mtry= 96 
- Fold05: mtry= 96 
+ Fold05: mtry= 97 
- Fold05: mtry= 97 
+ Fold05: mtry= 98 
- Fold05: mtry= 98 
+ Fold05: mtry= 99 
- Fold05: mtry= 99 
+ Fold05: mtry=100 
- Fold05: mtry=100 
+ Fold05: mtry=101 
- Fold05: mtry=101 
+ Fold05: mtry=102 
- Fold05: mtry=102 
+ Fold05: mtry=103 
- Fold05: mtry=103 
+ Fold05: mtry=104 
- Fold05: mtry=104 
+ Fold05: mtry=105 
- Fold05: mtry=105 
+ Fold05: mtry=106 
- Fold05: mtry=106 
+ Fold05: mtry=107 
- Fold05: mtry=107 
+ Fold05: mtry=108 
- Fold05: mtry=108 
+ Fold05: mtry=109 
- Fold05: mtry=109 
+ Fold05: mtry=110 
- Fold05: mtry=110 
+ Fold05: mtry=111 
- Fold05: mtry=111 
+ Fold05: mtry=112 
- Fold05: mtry=112 
+ Fold05: mtry=113 
- Fold05: mtry=113 
+ Fold05: mtry=114 
- Fold05: mtry=114 
+ Fold05: mtry=115 
- Fold05: mtry=115 
+ Fold05: mtry=116 
- Fold05: mtry=116 
+ Fold05: mtry=117 
- Fold05: mtry=117 
+ Fold05: mtry=118 
- Fold05: mtry=118 
+ Fold05: mtry=119 
- Fold05: mtry=119 
+ Fold05: mtry=120 
- Fold05: mtry=120 
+ Fold05: mtry=121 
- Fold05: mtry=121 
+ Fold05: mtry=122 
- Fold05: mtry=122 
+ Fold05: mtry=123 
- Fold05: mtry=123 
+ Fold05: mtry=124 
- Fold05: mtry=124 
+ Fold05: mtry=125 
- Fold05: mtry=125 
+ Fold05: mtry=126 
- Fold05: mtry=126 
+ Fold05: mtry=127 
- Fold05: mtry=127 
+ Fold05: mtry=128 
- Fold05: mtry=128 
+ Fold05: mtry=129 
- Fold05: mtry=129 
+ Fold05: mtry=130 
- Fold05: mtry=130 
+ Fold05: mtry=131 
- Fold05: mtry=131 
+ Fold05: mtry=132 
- Fold05: mtry=132 
+ Fold05: mtry=133 
- Fold05: mtry=133 
+ Fold05: mtry=134 
- Fold05: mtry=134 
+ Fold05: mtry=135 
- Fold05: mtry=135 
+ Fold05: mtry=136 
- Fold05: mtry=136 
+ Fold05: mtry=137 
- Fold05: mtry=137 
+ Fold05: mtry=138 
- Fold05: mtry=138 
+ Fold05: mtry=139 
- Fold05: mtry=139 
+ Fold05: mtry=140 
- Fold05: mtry=140 
+ Fold05: mtry=141 
- Fold05: mtry=141 
+ Fold05: mtry=142 
- Fold05: mtry=142 
+ Fold05: mtry=143 
- Fold05: mtry=143 
+ Fold05: mtry=144 
- Fold05: mtry=144 
+ Fold05: mtry=145 
- Fold05: mtry=145 
+ Fold05: mtry=146 
- Fold05: mtry=146 
+ Fold05: mtry=147 
- Fold05: mtry=147 
+ Fold05: mtry=148 
- Fold05: mtry=148 
+ Fold05: mtry=149 
- Fold05: mtry=149 
+ Fold05: mtry=150 
- Fold05: mtry=150 
+ Fold05: mtry=151 
- Fold05: mtry=151 
+ Fold05: mtry=152 
- Fold05: mtry=152 
+ Fold05: mtry=153 
- Fold05: mtry=153 
+ Fold05: mtry=154 
- Fold05: mtry=154 
+ Fold05: mtry=155 
- Fold05: mtry=155 
+ Fold05: mtry=156 
- Fold05: mtry=156 
+ Fold05: mtry=157 
- Fold05: mtry=157 
+ Fold05: mtry=158 
- Fold05: mtry=158 
+ Fold05: mtry=159 
- Fold05: mtry=159 
+ Fold05: mtry=160 
- Fold05: mtry=160 
+ Fold05: mtry=161 
- Fold05: mtry=161 
+ Fold05: mtry=162 
- Fold05: mtry=162 
+ Fold05: mtry=163 
- Fold05: mtry=163 
+ Fold05: mtry=164 
- Fold05: mtry=164 
+ Fold05: mtry=165 
- Fold05: mtry=165 
+ Fold05: mtry=166 
- Fold05: mtry=166 
+ Fold05: mtry=167 
- Fold05: mtry=167 
+ Fold05: mtry=168 
- Fold05: mtry=168 
+ Fold05: mtry=169 
- Fold05: mtry=169 
+ Fold05: mtry=170 
- Fold05: mtry=170 
+ Fold05: mtry=171 
- Fold05: mtry=171 
+ Fold05: mtry=172 
- Fold05: mtry=172 
+ Fold05: mtry=173 
- Fold05: mtry=173 
+ Fold05: mtry=174 
- Fold05: mtry=174 
+ Fold05: mtry=175 
- Fold05: mtry=175 
+ Fold05: mtry=176 
- Fold05: mtry=176 
+ Fold05: mtry=177 
- Fold05: mtry=177 
+ Fold05: mtry=178 
- Fold05: mtry=178 
+ Fold05: mtry=179 
- Fold05: mtry=179 
+ Fold05: mtry=180 
- Fold05: mtry=180 
+ Fold05: mtry=181 
- Fold05: mtry=181 
+ Fold05: mtry=182 
- Fold05: mtry=182 
+ Fold05: mtry=183 
- Fold05: mtry=183 
+ Fold05: mtry=184 
- Fold05: mtry=184 
+ Fold05: mtry=185 
- Fold05: mtry=185 
+ Fold05: mtry=186 
- Fold05: mtry=186 
+ Fold05: mtry=187 
- Fold05: mtry=187 
+ Fold05: mtry=188 
- Fold05: mtry=188 
+ Fold05: mtry=189 
- Fold05: mtry=189 
+ Fold05: mtry=190 
- Fold05: mtry=190 
+ Fold05: mtry=191 
- Fold05: mtry=191 
+ Fold05: mtry=192 
- Fold05: mtry=192 
+ Fold05: mtry=193 
- Fold05: mtry=193 
+ Fold05: mtry=194 
- Fold05: mtry=194 
+ Fold05: mtry=195 
- Fold05: mtry=195 
+ Fold05: mtry=196 
- Fold05: mtry=196 
+ Fold05: mtry=197 
- Fold05: mtry=197 
+ Fold05: mtry=198 
- Fold05: mtry=198 
+ Fold05: mtry=199 
- Fold05: mtry=199 
+ Fold05: mtry=200 
- Fold05: mtry=200 
+ Fold05: mtry=201 
- Fold05: mtry=201 
+ Fold05: mtry=202 
- Fold05: mtry=202 
+ Fold05: mtry=203 
- Fold05: mtry=203 
+ Fold05: mtry=204 
- Fold05: mtry=204 
+ Fold05: mtry=205 
- Fold05: mtry=205 
+ Fold05: mtry=206 
- Fold05: mtry=206 
+ Fold06: mtry=  1 
- Fold06: mtry=  1 
+ Fold06: mtry=  2 
- Fold06: mtry=  2 
+ Fold06: mtry=  3 
- Fold06: mtry=  3 
+ Fold06: mtry=  4 
- Fold06: mtry=  4 
+ Fold06: mtry=  5 
- Fold06: mtry=  5 
+ Fold06: mtry=  6 
- Fold06: mtry=  6 
+ Fold06: mtry=  7 
- Fold06: mtry=  7 
+ Fold06: mtry=  8 
- Fold06: mtry=  8 
+ Fold06: mtry=  9 
- Fold06: mtry=  9 
+ Fold06: mtry= 10 
- Fold06: mtry= 10 
+ Fold06: mtry= 11 
- Fold06: mtry= 11 
+ Fold06: mtry= 12 
- Fold06: mtry= 12 
+ Fold06: mtry= 13 
- Fold06: mtry= 13 
+ Fold06: mtry= 14 
- Fold06: mtry= 14 
+ Fold06: mtry= 15 
- Fold06: mtry= 15 
+ Fold06: mtry= 16 
- Fold06: mtry= 16 
+ Fold06: mtry= 17 
- Fold06: mtry= 17 
+ Fold06: mtry= 18 
- Fold06: mtry= 18 
+ Fold06: mtry= 19 
- Fold06: mtry= 19 
+ Fold06: mtry= 20 
- Fold06: mtry= 20 
+ Fold06: mtry= 21 
- Fold06: mtry= 21 
+ Fold06: mtry= 22 
- Fold06: mtry= 22 
+ Fold06: mtry= 23 
- Fold06: mtry= 23 
+ Fold06: mtry= 24 
- Fold06: mtry= 24 
+ Fold06: mtry= 25 
- Fold06: mtry= 25 
+ Fold06: mtry= 26 
- Fold06: mtry= 26 
+ Fold06: mtry= 27 
- Fold06: mtry= 27 
+ Fold06: mtry= 28 
- Fold06: mtry= 28 
+ Fold06: mtry= 29 
- Fold06: mtry= 29 
+ Fold06: mtry= 30 
- Fold06: mtry= 30 
+ Fold06: mtry= 31 
- Fold06: mtry= 31 
+ Fold06: mtry= 32 
- Fold06: mtry= 32 
+ Fold06: mtry= 33 
- Fold06: mtry= 33 
+ Fold06: mtry= 34 
- Fold06: mtry= 34 
+ Fold06: mtry= 35 
- Fold06: mtry= 35 
+ Fold06: mtry= 36 
- Fold06: mtry= 36 
+ Fold06: mtry= 37 
- Fold06: mtry= 37 
+ Fold06: mtry= 38 
- Fold06: mtry= 38 
+ Fold06: mtry= 39 
- Fold06: mtry= 39 
+ Fold06: mtry= 40 
- Fold06: mtry= 40 
+ Fold06: mtry= 41 
- Fold06: mtry= 41 
+ Fold06: mtry= 42 
- Fold06: mtry= 42 
+ Fold06: mtry= 43 
- Fold06: mtry= 43 
+ Fold06: mtry= 44 
- Fold06: mtry= 44 
+ Fold06: mtry= 45 
- Fold06: mtry= 45 
+ Fold06: mtry= 46 
- Fold06: mtry= 46 
+ Fold06: mtry= 47 
- Fold06: mtry= 47 
+ Fold06: mtry= 48 
- Fold06: mtry= 48 
+ Fold06: mtry= 49 
- Fold06: mtry= 49 
+ Fold06: mtry= 50 
- Fold06: mtry= 50 
+ Fold06: mtry= 51 
- Fold06: mtry= 51 
+ Fold06: mtry= 52 
- Fold06: mtry= 52 
+ Fold06: mtry= 53 
- Fold06: mtry= 53 
+ Fold06: mtry= 54 
- Fold06: mtry= 54 
+ Fold06: mtry= 55 
- Fold06: mtry= 55 
+ Fold06: mtry= 56 
- Fold06: mtry= 56 
+ Fold06: mtry= 57 
- Fold06: mtry= 57 
+ Fold06: mtry= 58 
- Fold06: mtry= 58 
+ Fold06: mtry= 59 
- Fold06: mtry= 59 
+ Fold06: mtry= 60 
- Fold06: mtry= 60 
+ Fold06: mtry= 61 
- Fold06: mtry= 61 
+ Fold06: mtry= 62 
- Fold06: mtry= 62 
+ Fold06: mtry= 63 
- Fold06: mtry= 63 
+ Fold06: mtry= 64 
- Fold06: mtry= 64 
+ Fold06: mtry= 65 
- Fold06: mtry= 65 
+ Fold06: mtry= 66 
- Fold06: mtry= 66 
+ Fold06: mtry= 67 
- Fold06: mtry= 67 
+ Fold06: mtry= 68 
- Fold06: mtry= 68 
+ Fold06: mtry= 69 
- Fold06: mtry= 69 
+ Fold06: mtry= 70 
- Fold06: mtry= 70 
+ Fold06: mtry= 71 
- Fold06: mtry= 71 
+ Fold06: mtry= 72 
- Fold06: mtry= 72 
+ Fold06: mtry= 73 
- Fold06: mtry= 73 
+ Fold06: mtry= 74 
- Fold06: mtry= 74 
+ Fold06: mtry= 75 
- Fold06: mtry= 75 
+ Fold06: mtry= 76 
- Fold06: mtry= 76 
+ Fold06: mtry= 77 
- Fold06: mtry= 77 
+ Fold06: mtry= 78 
- Fold06: mtry= 78 
+ Fold06: mtry= 79 
- Fold06: mtry= 79 
+ Fold06: mtry= 80 
- Fold06: mtry= 80 
+ Fold06: mtry= 81 
- Fold06: mtry= 81 
+ Fold06: mtry= 82 
- Fold06: mtry= 82 
+ Fold06: mtry= 83 
- Fold06: mtry= 83 
+ Fold06: mtry= 84 
- Fold06: mtry= 84 
+ Fold06: mtry= 85 
- Fold06: mtry= 85 
+ Fold06: mtry= 86 
- Fold06: mtry= 86 
+ Fold06: mtry= 87 
- Fold06: mtry= 87 
+ Fold06: mtry= 88 
- Fold06: mtry= 88 
+ Fold06: mtry= 89 
- Fold06: mtry= 89 
+ Fold06: mtry= 90 
- Fold06: mtry= 90 
+ Fold06: mtry= 91 
- Fold06: mtry= 91 
+ Fold06: mtry= 92 
- Fold06: mtry= 92 
+ Fold06: mtry= 93 
- Fold06: mtry= 93 
+ Fold06: mtry= 94 
- Fold06: mtry= 94 
+ Fold06: mtry= 95 
- Fold06: mtry= 95 
+ Fold06: mtry= 96 
- Fold06: mtry= 96 
+ Fold06: mtry= 97 
- Fold06: mtry= 97 
+ Fold06: mtry= 98 
- Fold06: mtry= 98 
+ Fold06: mtry= 99 
- Fold06: mtry= 99 
+ Fold06: mtry=100 
- Fold06: mtry=100 
+ Fold06: mtry=101 
- Fold06: mtry=101 
+ Fold06: mtry=102 
- Fold06: mtry=102 
+ Fold06: mtry=103 
- Fold06: mtry=103 
+ Fold06: mtry=104 
- Fold06: mtry=104 
+ Fold06: mtry=105 
- Fold06: mtry=105 
+ Fold06: mtry=106 
- Fold06: mtry=106 
+ Fold06: mtry=107 
- Fold06: mtry=107 
+ Fold06: mtry=108 
- Fold06: mtry=108 
+ Fold06: mtry=109 
- Fold06: mtry=109 
+ Fold06: mtry=110 
- Fold06: mtry=110 
+ Fold06: mtry=111 
- Fold06: mtry=111 
+ Fold06: mtry=112 
- Fold06: mtry=112 
+ Fold06: mtry=113 
- Fold06: mtry=113 
+ Fold06: mtry=114 
- Fold06: mtry=114 
+ Fold06: mtry=115 
- Fold06: mtry=115 
+ Fold06: mtry=116 
- Fold06: mtry=116 
+ Fold06: mtry=117 
- Fold06: mtry=117 
+ Fold06: mtry=118 
- Fold06: mtry=118 
+ Fold06: mtry=119 
- Fold06: mtry=119 
+ Fold06: mtry=120 
- Fold06: mtry=120 
+ Fold06: mtry=121 
- Fold06: mtry=121 
+ Fold06: mtry=122 
- Fold06: mtry=122 
+ Fold06: mtry=123 
- Fold06: mtry=123 
+ Fold06: mtry=124 
- Fold06: mtry=124 
+ Fold06: mtry=125 
- Fold06: mtry=125 
+ Fold06: mtry=126 
- Fold06: mtry=126 
+ Fold06: mtry=127 
- Fold06: mtry=127 
+ Fold06: mtry=128 
- Fold06: mtry=128 
+ Fold06: mtry=129 
- Fold06: mtry=129 
+ Fold06: mtry=130 
- Fold06: mtry=130 
+ Fold06: mtry=131 
- Fold06: mtry=131 
+ Fold06: mtry=132 
- Fold06: mtry=132 
+ Fold06: mtry=133 
- Fold06: mtry=133 
+ Fold06: mtry=134 
- Fold06: mtry=134 
+ Fold06: mtry=135 
- Fold06: mtry=135 
+ Fold06: mtry=136 
- Fold06: mtry=136 
+ Fold06: mtry=137 
- Fold06: mtry=137 
+ Fold06: mtry=138 
- Fold06: mtry=138 
+ Fold06: mtry=139 
- Fold06: mtry=139 
+ Fold06: mtry=140 
- Fold06: mtry=140 
+ Fold06: mtry=141 
- Fold06: mtry=141 
+ Fold06: mtry=142 
- Fold06: mtry=142 
+ Fold06: mtry=143 
- Fold06: mtry=143 
+ Fold06: mtry=144 
- Fold06: mtry=144 
+ Fold06: mtry=145 
- Fold06: mtry=145 
+ Fold06: mtry=146 
- Fold06: mtry=146 
+ Fold06: mtry=147 
- Fold06: mtry=147 
+ Fold06: mtry=148 
- Fold06: mtry=148 
+ Fold06: mtry=149 
- Fold06: mtry=149 
+ Fold06: mtry=150 
- Fold06: mtry=150 
+ Fold06: mtry=151 
- Fold06: mtry=151 
+ Fold06: mtry=152 
- Fold06: mtry=152 
+ Fold06: mtry=153 
- Fold06: mtry=153 
+ Fold06: mtry=154 
- Fold06: mtry=154 
+ Fold06: mtry=155 
- Fold06: mtry=155 
+ Fold06: mtry=156 
- Fold06: mtry=156 
+ Fold06: mtry=157 
- Fold06: mtry=157 
+ Fold06: mtry=158 
- Fold06: mtry=158 
+ Fold06: mtry=159 
- Fold06: mtry=159 
+ Fold06: mtry=160 
- Fold06: mtry=160 
+ Fold06: mtry=161 
- Fold06: mtry=161 
+ Fold06: mtry=162 
- Fold06: mtry=162 
+ Fold06: mtry=163 
- Fold06: mtry=163 
+ Fold06: mtry=164 
- Fold06: mtry=164 
+ Fold06: mtry=165 
- Fold06: mtry=165 
+ Fold06: mtry=166 
- Fold06: mtry=166 
+ Fold06: mtry=167 
- Fold06: mtry=167 
+ Fold06: mtry=168 
- Fold06: mtry=168 
+ Fold06: mtry=169 
- Fold06: mtry=169 
+ Fold06: mtry=170 
- Fold06: mtry=170 
+ Fold06: mtry=171 
- Fold06: mtry=171 
+ Fold06: mtry=172 
- Fold06: mtry=172 
+ Fold06: mtry=173 
- Fold06: mtry=173 
+ Fold06: mtry=174 
- Fold06: mtry=174 
+ Fold06: mtry=175 
- Fold06: mtry=175 
+ Fold06: mtry=176 
- Fold06: mtry=176 
+ Fold06: mtry=177 
- Fold06: mtry=177 
+ Fold06: mtry=178 
- Fold06: mtry=178 
+ Fold06: mtry=179 
- Fold06: mtry=179 
+ Fold06: mtry=180 
- Fold06: mtry=180 
+ Fold06: mtry=181 
- Fold06: mtry=181 
+ Fold06: mtry=182 
- Fold06: mtry=182 
+ Fold06: mtry=183 
- Fold06: mtry=183 
+ Fold06: mtry=184 
- Fold06: mtry=184 
+ Fold06: mtry=185 
- Fold06: mtry=185 
+ Fold06: mtry=186 
- Fold06: mtry=186 
+ Fold06: mtry=187 
- Fold06: mtry=187 
+ Fold06: mtry=188 
- Fold06: mtry=188 
+ Fold06: mtry=189 
- Fold06: mtry=189 
+ Fold06: mtry=190 
- Fold06: mtry=190 
+ Fold06: mtry=191 
- Fold06: mtry=191 
+ Fold06: mtry=192 
- Fold06: mtry=192 
+ Fold06: mtry=193 
- Fold06: mtry=193 
+ Fold06: mtry=194 
- Fold06: mtry=194 
+ Fold06: mtry=195 
- Fold06: mtry=195 
+ Fold06: mtry=196 
- Fold06: mtry=196 
+ Fold06: mtry=197 
- Fold06: mtry=197 
+ Fold06: mtry=198 
- Fold06: mtry=198 
+ Fold06: mtry=199 
- Fold06: mtry=199 
+ Fold06: mtry=200 
- Fold06: mtry=200 
+ Fold06: mtry=201 
- Fold06: mtry=201 
+ Fold06: mtry=202 
- Fold06: mtry=202 
+ Fold06: mtry=203 
- Fold06: mtry=203 
+ Fold06: mtry=204 
- Fold06: mtry=204 
+ Fold06: mtry=205 
- Fold06: mtry=205 
+ Fold06: mtry=206 
- Fold06: mtry=206 
+ Fold07: mtry=  1 
- Fold07: mtry=  1 
+ Fold07: mtry=  2 
- Fold07: mtry=  2 
+ Fold07: mtry=  3 
- Fold07: mtry=  3 
+ Fold07: mtry=  4 
- Fold07: mtry=  4 
+ Fold07: mtry=  5 
- Fold07: mtry=  5 
+ Fold07: mtry=  6 
- Fold07: mtry=  6 
+ Fold07: mtry=  7 
- Fold07: mtry=  7 
+ Fold07: mtry=  8 
- Fold07: mtry=  8 
+ Fold07: mtry=  9 
- Fold07: mtry=  9 
+ Fold07: mtry= 10 
- Fold07: mtry= 10 
+ Fold07: mtry= 11 
- Fold07: mtry= 11 
+ Fold07: mtry= 12 
- Fold07: mtry= 12 
+ Fold07: mtry= 13 
- Fold07: mtry= 13 
+ Fold07: mtry= 14 
- Fold07: mtry= 14 
+ Fold07: mtry= 15 
- Fold07: mtry= 15 
+ Fold07: mtry= 16 
- Fold07: mtry= 16 
+ Fold07: mtry= 17 
- Fold07: mtry= 17 
+ Fold07: mtry= 18 
- Fold07: mtry= 18 
+ Fold07: mtry= 19 
- Fold07: mtry= 19 
+ Fold07: mtry= 20 
- Fold07: mtry= 20 
+ Fold07: mtry= 21 
- Fold07: mtry= 21 
+ Fold07: mtry= 22 
- Fold07: mtry= 22 
+ Fold07: mtry= 23 
- Fold07: mtry= 23 
+ Fold07: mtry= 24 
- Fold07: mtry= 24 
+ Fold07: mtry= 25 
- Fold07: mtry= 25 
+ Fold07: mtry= 26 
- Fold07: mtry= 26 
+ Fold07: mtry= 27 
- Fold07: mtry= 27 
+ Fold07: mtry= 28 
- Fold07: mtry= 28 
+ Fold07: mtry= 29 
- Fold07: mtry= 29 
+ Fold07: mtry= 30 
- Fold07: mtry= 30 
+ Fold07: mtry= 31 
- Fold07: mtry= 31 
+ Fold07: mtry= 32 
- Fold07: mtry= 32 
+ Fold07: mtry= 33 
- Fold07: mtry= 33 
+ Fold07: mtry= 34 
- Fold07: mtry= 34 
+ Fold07: mtry= 35 
- Fold07: mtry= 35 
+ Fold07: mtry= 36 
- Fold07: mtry= 36 
+ Fold07: mtry= 37 
- Fold07: mtry= 37 
+ Fold07: mtry= 38 
- Fold07: mtry= 38 
+ Fold07: mtry= 39 
- Fold07: mtry= 39 
+ Fold07: mtry= 40 
- Fold07: mtry= 40 
+ Fold07: mtry= 41 
- Fold07: mtry= 41 
+ Fold07: mtry= 42 
- Fold07: mtry= 42 
+ Fold07: mtry= 43 
- Fold07: mtry= 43 
+ Fold07: mtry= 44 
- Fold07: mtry= 44 
+ Fold07: mtry= 45 
- Fold07: mtry= 45 
+ Fold07: mtry= 46 
- Fold07: mtry= 46 
+ Fold07: mtry= 47 
- Fold07: mtry= 47 
+ Fold07: mtry= 48 
- Fold07: mtry= 48 
+ Fold07: mtry= 49 
- Fold07: mtry= 49 
+ Fold07: mtry= 50 
- Fold07: mtry= 50 
+ Fold07: mtry= 51 
- Fold07: mtry= 51 
+ Fold07: mtry= 52 
- Fold07: mtry= 52 
+ Fold07: mtry= 53 
- Fold07: mtry= 53 
+ Fold07: mtry= 54 
- Fold07: mtry= 54 
+ Fold07: mtry= 55 
- Fold07: mtry= 55 
+ Fold07: mtry= 56 
- Fold07: mtry= 56 
+ Fold07: mtry= 57 
- Fold07: mtry= 57 
+ Fold07: mtry= 58 
- Fold07: mtry= 58 
+ Fold07: mtry= 59 
- Fold07: mtry= 59 
+ Fold07: mtry= 60 
- Fold07: mtry= 60 
+ Fold07: mtry= 61 
- Fold07: mtry= 61 
+ Fold07: mtry= 62 
- Fold07: mtry= 62 
+ Fold07: mtry= 63 
- Fold07: mtry= 63 
+ Fold07: mtry= 64 
- Fold07: mtry= 64 
+ Fold07: mtry= 65 
- Fold07: mtry= 65 
+ Fold07: mtry= 66 
- Fold07: mtry= 66 
+ Fold07: mtry= 67 
- Fold07: mtry= 67 
+ Fold07: mtry= 68 
- Fold07: mtry= 68 
+ Fold07: mtry= 69 
- Fold07: mtry= 69 
+ Fold07: mtry= 70 
- Fold07: mtry= 70 
+ Fold07: mtry= 71 
- Fold07: mtry= 71 
+ Fold07: mtry= 72 
- Fold07: mtry= 72 
+ Fold07: mtry= 73 
- Fold07: mtry= 73 
+ Fold07: mtry= 74 
- Fold07: mtry= 74 
+ Fold07: mtry= 75 
- Fold07: mtry= 75 
+ Fold07: mtry= 76 
- Fold07: mtry= 76 
+ Fold07: mtry= 77 
- Fold07: mtry= 77 
+ Fold07: mtry= 78 
- Fold07: mtry= 78 
+ Fold07: mtry= 79 
- Fold07: mtry= 79 
+ Fold07: mtry= 80 
- Fold07: mtry= 80 
+ Fold07: mtry= 81 
- Fold07: mtry= 81 
+ Fold07: mtry= 82 
- Fold07: mtry= 82 
+ Fold07: mtry= 83 
- Fold07: mtry= 83 
+ Fold07: mtry= 84 
- Fold07: mtry= 84 
+ Fold07: mtry= 85 
- Fold07: mtry= 85 
+ Fold07: mtry= 86 
- Fold07: mtry= 86 
+ Fold07: mtry= 87 
- Fold07: mtry= 87 
+ Fold07: mtry= 88 
- Fold07: mtry= 88 
+ Fold07: mtry= 89 
- Fold07: mtry= 89 
+ Fold07: mtry= 90 
- Fold07: mtry= 90 
+ Fold07: mtry= 91 
- Fold07: mtry= 91 
+ Fold07: mtry= 92 
- Fold07: mtry= 92 
+ Fold07: mtry= 93 
- Fold07: mtry= 93 
+ Fold07: mtry= 94 
- Fold07: mtry= 94 
+ Fold07: mtry= 95 
- Fold07: mtry= 95 
+ Fold07: mtry= 96 
- Fold07: mtry= 96 
+ Fold07: mtry= 97 
- Fold07: mtry= 97 
+ Fold07: mtry= 98 
- Fold07: mtry= 98 
+ Fold07: mtry= 99 
- Fold07: mtry= 99 
+ Fold07: mtry=100 
- Fold07: mtry=100 
+ Fold07: mtry=101 
- Fold07: mtry=101 
+ Fold07: mtry=102 
- Fold07: mtry=102 
+ Fold07: mtry=103 
- Fold07: mtry=103 
+ Fold07: mtry=104 
- Fold07: mtry=104 
+ Fold07: mtry=105 
- Fold07: mtry=105 
+ Fold07: mtry=106 
- Fold07: mtry=106 
+ Fold07: mtry=107 
- Fold07: mtry=107 
+ Fold07: mtry=108 
- Fold07: mtry=108 
+ Fold07: mtry=109 
- Fold07: mtry=109 
+ Fold07: mtry=110 
- Fold07: mtry=110 
+ Fold07: mtry=111 
- Fold07: mtry=111 
+ Fold07: mtry=112 
- Fold07: mtry=112 
+ Fold07: mtry=113 
- Fold07: mtry=113 
+ Fold07: mtry=114 
- Fold07: mtry=114 
+ Fold07: mtry=115 
- Fold07: mtry=115 
+ Fold07: mtry=116 
- Fold07: mtry=116 
+ Fold07: mtry=117 
- Fold07: mtry=117 
+ Fold07: mtry=118 
- Fold07: mtry=118 
+ Fold07: mtry=119 
- Fold07: mtry=119 
+ Fold07: mtry=120 
- Fold07: mtry=120 
+ Fold07: mtry=121 
- Fold07: mtry=121 
+ Fold07: mtry=122 
- Fold07: mtry=122 
+ Fold07: mtry=123 
- Fold07: mtry=123 
+ Fold07: mtry=124 
- Fold07: mtry=124 
+ Fold07: mtry=125 
- Fold07: mtry=125 
+ Fold07: mtry=126 
- Fold07: mtry=126 
+ Fold07: mtry=127 
- Fold07: mtry=127 
+ Fold07: mtry=128 
- Fold07: mtry=128 
+ Fold07: mtry=129 
- Fold07: mtry=129 
+ Fold07: mtry=130 
- Fold07: mtry=130 
+ Fold07: mtry=131 
- Fold07: mtry=131 
+ Fold07: mtry=132 
- Fold07: mtry=132 
+ Fold07: mtry=133 
- Fold07: mtry=133 
+ Fold07: mtry=134 
- Fold07: mtry=134 
+ Fold07: mtry=135 
- Fold07: mtry=135 
+ Fold07: mtry=136 
- Fold07: mtry=136 
+ Fold07: mtry=137 
- Fold07: mtry=137 
+ Fold07: mtry=138 
- Fold07: mtry=138 
+ Fold07: mtry=139 
- Fold07: mtry=139 
+ Fold07: mtry=140 
- Fold07: mtry=140 
+ Fold07: mtry=141 
- Fold07: mtry=141 
+ Fold07: mtry=142 
- Fold07: mtry=142 
+ Fold07: mtry=143 
- Fold07: mtry=143 
+ Fold07: mtry=144 
- Fold07: mtry=144 
+ Fold07: mtry=145 
- Fold07: mtry=145 
+ Fold07: mtry=146 
- Fold07: mtry=146 
+ Fold07: mtry=147 
- Fold07: mtry=147 
+ Fold07: mtry=148 
- Fold07: mtry=148 
+ Fold07: mtry=149 
- Fold07: mtry=149 
+ Fold07: mtry=150 
- Fold07: mtry=150 
+ Fold07: mtry=151 
- Fold07: mtry=151 
+ Fold07: mtry=152 
- Fold07: mtry=152 
+ Fold07: mtry=153 
- Fold07: mtry=153 
+ Fold07: mtry=154 
- Fold07: mtry=154 
+ Fold07: mtry=155 
- Fold07: mtry=155 
+ Fold07: mtry=156 
- Fold07: mtry=156 
+ Fold07: mtry=157 
- Fold07: mtry=157 
+ Fold07: mtry=158 
- Fold07: mtry=158 
+ Fold07: mtry=159 
- Fold07: mtry=159 
+ Fold07: mtry=160 
- Fold07: mtry=160 
+ Fold07: mtry=161 
- Fold07: mtry=161 
+ Fold07: mtry=162 
- Fold07: mtry=162 
+ Fold07: mtry=163 
- Fold07: mtry=163 
+ Fold07: mtry=164 
- Fold07: mtry=164 
+ Fold07: mtry=165 
- Fold07: mtry=165 
+ Fold07: mtry=166 
- Fold07: mtry=166 
+ Fold07: mtry=167 
- Fold07: mtry=167 
+ Fold07: mtry=168 
- Fold07: mtry=168 
+ Fold07: mtry=169 
- Fold07: mtry=169 
+ Fold07: mtry=170 
- Fold07: mtry=170 
+ Fold07: mtry=171 
- Fold07: mtry=171 
+ Fold07: mtry=172 
- Fold07: mtry=172 
+ Fold07: mtry=173 
- Fold07: mtry=173 
+ Fold07: mtry=174 
- Fold07: mtry=174 
+ Fold07: mtry=175 
- Fold07: mtry=175 
+ Fold07: mtry=176 
- Fold07: mtry=176 
+ Fold07: mtry=177 
- Fold07: mtry=177 
+ Fold07: mtry=178 
- Fold07: mtry=178 
+ Fold07: mtry=179 
- Fold07: mtry=179 
+ Fold07: mtry=180 
- Fold07: mtry=180 
+ Fold07: mtry=181 
- Fold07: mtry=181 
+ Fold07: mtry=182 
- Fold07: mtry=182 
+ Fold07: mtry=183 
- Fold07: mtry=183 
+ Fold07: mtry=184 
- Fold07: mtry=184 
+ Fold07: mtry=185 
- Fold07: mtry=185 
+ Fold07: mtry=186 
- Fold07: mtry=186 
+ Fold07: mtry=187 
- Fold07: mtry=187 
+ Fold07: mtry=188 
- Fold07: mtry=188 
+ Fold07: mtry=189 
- Fold07: mtry=189 
+ Fold07: mtry=190 
- Fold07: mtry=190 
+ Fold07: mtry=191 
- Fold07: mtry=191 
+ Fold07: mtry=192 
- Fold07: mtry=192 
+ Fold07: mtry=193 
- Fold07: mtry=193 
+ Fold07: mtry=194 
- Fold07: mtry=194 
+ Fold07: mtry=195 
- Fold07: mtry=195 
+ Fold07: mtry=196 
- Fold07: mtry=196 
+ Fold07: mtry=197 
- Fold07: mtry=197 
+ Fold07: mtry=198 
- Fold07: mtry=198 
+ Fold07: mtry=199 
- Fold07: mtry=199 
+ Fold07: mtry=200 
- Fold07: mtry=200 
+ Fold07: mtry=201 
- Fold07: mtry=201 
+ Fold07: mtry=202 
- Fold07: mtry=202 
+ Fold07: mtry=203 
- Fold07: mtry=203 
+ Fold07: mtry=204 
- Fold07: mtry=204 
+ Fold07: mtry=205 
- Fold07: mtry=205 
+ Fold07: mtry=206 
- Fold07: mtry=206 
+ Fold08: mtry=  1 
- Fold08: mtry=  1 
+ Fold08: mtry=  2 
- Fold08: mtry=  2 
+ Fold08: mtry=  3 
- Fold08: mtry=  3 
+ Fold08: mtry=  4 
- Fold08: mtry=  4 
+ Fold08: mtry=  5 
- Fold08: mtry=  5 
+ Fold08: mtry=  6 
- Fold08: mtry=  6 
+ Fold08: mtry=  7 
- Fold08: mtry=  7 
+ Fold08: mtry=  8 
- Fold08: mtry=  8 
+ Fold08: mtry=  9 
- Fold08: mtry=  9 
+ Fold08: mtry= 10 
- Fold08: mtry= 10 
+ Fold08: mtry= 11 
- Fold08: mtry= 11 
+ Fold08: mtry= 12 
- Fold08: mtry= 12 
+ Fold08: mtry= 13 
- Fold08: mtry= 13 
+ Fold08: mtry= 14 
- Fold08: mtry= 14 
+ Fold08: mtry= 15 
- Fold08: mtry= 15 
+ Fold08: mtry= 16 
- Fold08: mtry= 16 
+ Fold08: mtry= 17 
- Fold08: mtry= 17 
+ Fold08: mtry= 18 
- Fold08: mtry= 18 
+ Fold08: mtry= 19 
- Fold08: mtry= 19 
+ Fold08: mtry= 20 
- Fold08: mtry= 20 
+ Fold08: mtry= 21 
- Fold08: mtry= 21 
+ Fold08: mtry= 22 
- Fold08: mtry= 22 
+ Fold08: mtry= 23 
- Fold08: mtry= 23 
+ Fold08: mtry= 24 
- Fold08: mtry= 24 
+ Fold08: mtry= 25 
- Fold08: mtry= 25 
+ Fold08: mtry= 26 
- Fold08: mtry= 26 
+ Fold08: mtry= 27 
- Fold08: mtry= 27 
+ Fold08: mtry= 28 
- Fold08: mtry= 28 
+ Fold08: mtry= 29 
- Fold08: mtry= 29 
+ Fold08: mtry= 30 
- Fold08: mtry= 30 
+ Fold08: mtry= 31 
- Fold08: mtry= 31 
+ Fold08: mtry= 32 
- Fold08: mtry= 32 
+ Fold08: mtry= 33 
- Fold08: mtry= 33 
+ Fold08: mtry= 34 
- Fold08: mtry= 34 
+ Fold08: mtry= 35 
- Fold08: mtry= 35 
+ Fold08: mtry= 36 
- Fold08: mtry= 36 
+ Fold08: mtry= 37 
- Fold08: mtry= 37 
+ Fold08: mtry= 38 
- Fold08: mtry= 38 
+ Fold08: mtry= 39 
- Fold08: mtry= 39 
+ Fold08: mtry= 40 
- Fold08: mtry= 40 
+ Fold08: mtry= 41 
- Fold08: mtry= 41 
+ Fold08: mtry= 42 
- Fold08: mtry= 42 
+ Fold08: mtry= 43 
- Fold08: mtry= 43 
+ Fold08: mtry= 44 
- Fold08: mtry= 44 
+ Fold08: mtry= 45 
- Fold08: mtry= 45 
+ Fold08: mtry= 46 
- Fold08: mtry= 46 
+ Fold08: mtry= 47 
- Fold08: mtry= 47 
+ Fold08: mtry= 48 
- Fold08: mtry= 48 
+ Fold08: mtry= 49 
- Fold08: mtry= 49 
+ Fold08: mtry= 50 
- Fold08: mtry= 50 
+ Fold08: mtry= 51 
- Fold08: mtry= 51 
+ Fold08: mtry= 52 
- Fold08: mtry= 52 
+ Fold08: mtry= 53 
- Fold08: mtry= 53 
+ Fold08: mtry= 54 
- Fold08: mtry= 54 
+ Fold08: mtry= 55 
- Fold08: mtry= 55 
+ Fold08: mtry= 56 
- Fold08: mtry= 56 
+ Fold08: mtry= 57 
- Fold08: mtry= 57 
+ Fold08: mtry= 58 
- Fold08: mtry= 58 
+ Fold08: mtry= 59 
- Fold08: mtry= 59 
+ Fold08: mtry= 60 
- Fold08: mtry= 60 
+ Fold08: mtry= 61 
- Fold08: mtry= 61 
+ Fold08: mtry= 62 
- Fold08: mtry= 62 
+ Fold08: mtry= 63 
- Fold08: mtry= 63 
+ Fold08: mtry= 64 
- Fold08: mtry= 64 
+ Fold08: mtry= 65 
- Fold08: mtry= 65 
+ Fold08: mtry= 66 
- Fold08: mtry= 66 
+ Fold08: mtry= 67 
- Fold08: mtry= 67 
+ Fold08: mtry= 68 
- Fold08: mtry= 68 
+ Fold08: mtry= 69 
- Fold08: mtry= 69 
+ Fold08: mtry= 70 
- Fold08: mtry= 70 
+ Fold08: mtry= 71 
- Fold08: mtry= 71 
+ Fold08: mtry= 72 
- Fold08: mtry= 72 
+ Fold08: mtry= 73 
- Fold08: mtry= 73 
+ Fold08: mtry= 74 
- Fold08: mtry= 74 
+ Fold08: mtry= 75 
- Fold08: mtry= 75 
+ Fold08: mtry= 76 
- Fold08: mtry= 76 
+ Fold08: mtry= 77 
- Fold08: mtry= 77 
+ Fold08: mtry= 78 
- Fold08: mtry= 78 
+ Fold08: mtry= 79 
- Fold08: mtry= 79 
+ Fold08: mtry= 80 
- Fold08: mtry= 80 
+ Fold08: mtry= 81 
- Fold08: mtry= 81 
+ Fold08: mtry= 82 
- Fold08: mtry= 82 
+ Fold08: mtry= 83 
- Fold08: mtry= 83 
+ Fold08: mtry= 84 
- Fold08: mtry= 84 
+ Fold08: mtry= 85 
- Fold08: mtry= 85 
+ Fold08: mtry= 86 
- Fold08: mtry= 86 
+ Fold08: mtry= 87 
- Fold08: mtry= 87 
+ Fold08: mtry= 88 
- Fold08: mtry= 88 
+ Fold08: mtry= 89 
- Fold08: mtry= 89 
+ Fold08: mtry= 90 
- Fold08: mtry= 90 
+ Fold08: mtry= 91 
- Fold08: mtry= 91 
+ Fold08: mtry= 92 
- Fold08: mtry= 92 
+ Fold08: mtry= 93 
- Fold08: mtry= 93 
+ Fold08: mtry= 94 
- Fold08: mtry= 94 
+ Fold08: mtry= 95 
- Fold08: mtry= 95 
+ Fold08: mtry= 96 
- Fold08: mtry= 96 
+ Fold08: mtry= 97 
- Fold08: mtry= 97 
+ Fold08: mtry= 98 
- Fold08: mtry= 98 
+ Fold08: mtry= 99 
- Fold08: mtry= 99 
+ Fold08: mtry=100 
- Fold08: mtry=100 
+ Fold08: mtry=101 
- Fold08: mtry=101 
+ Fold08: mtry=102 
- Fold08: mtry=102 
+ Fold08: mtry=103 
- Fold08: mtry=103 
+ Fold08: mtry=104 
- Fold08: mtry=104 
+ Fold08: mtry=105 
- Fold08: mtry=105 
+ Fold08: mtry=106 
- Fold08: mtry=106 
+ Fold08: mtry=107 
- Fold08: mtry=107 
+ Fold08: mtry=108 
- Fold08: mtry=108 
+ Fold08: mtry=109 
- Fold08: mtry=109 
+ Fold08: mtry=110 
- Fold08: mtry=110 
+ Fold08: mtry=111 
- Fold08: mtry=111 
+ Fold08: mtry=112 
- Fold08: mtry=112 
+ Fold08: mtry=113 
- Fold08: mtry=113 
+ Fold08: mtry=114 
- Fold08: mtry=114 
+ Fold08: mtry=115 
- Fold08: mtry=115 
+ Fold08: mtry=116 
- Fold08: mtry=116 
+ Fold08: mtry=117 
- Fold08: mtry=117 
+ Fold08: mtry=118 
- Fold08: mtry=118 
+ Fold08: mtry=119 
- Fold08: mtry=119 
+ Fold08: mtry=120 
- Fold08: mtry=120 
+ Fold08: mtry=121 
- Fold08: mtry=121 
+ Fold08: mtry=122 
- Fold08: mtry=122 
+ Fold08: mtry=123 
- Fold08: mtry=123 
+ Fold08: mtry=124 
- Fold08: mtry=124 
+ Fold08: mtry=125 
- Fold08: mtry=125 
+ Fold08: mtry=126 
- Fold08: mtry=126 
+ Fold08: mtry=127 
- Fold08: mtry=127 
+ Fold08: mtry=128 
- Fold08: mtry=128 
+ Fold08: mtry=129 
- Fold08: mtry=129 
+ Fold08: mtry=130 
- Fold08: mtry=130 
+ Fold08: mtry=131 
- Fold08: mtry=131 
+ Fold08: mtry=132 
- Fold08: mtry=132 
+ Fold08: mtry=133 
- Fold08: mtry=133 
+ Fold08: mtry=134 
- Fold08: mtry=134 
+ Fold08: mtry=135 
- Fold08: mtry=135 
+ Fold08: mtry=136 
- Fold08: mtry=136 
+ Fold08: mtry=137 
- Fold08: mtry=137 
+ Fold08: mtry=138 
- Fold08: mtry=138 
+ Fold08: mtry=139 
- Fold08: mtry=139 
+ Fold08: mtry=140 
- Fold08: mtry=140 
+ Fold08: mtry=141 
- Fold08: mtry=141 
+ Fold08: mtry=142 
- Fold08: mtry=142 
+ Fold08: mtry=143 
- Fold08: mtry=143 
+ Fold08: mtry=144 
- Fold08: mtry=144 
+ Fold08: mtry=145 
- Fold08: mtry=145 
+ Fold08: mtry=146 
- Fold08: mtry=146 
+ Fold08: mtry=147 
- Fold08: mtry=147 
+ Fold08: mtry=148 
- Fold08: mtry=148 
+ Fold08: mtry=149 
- Fold08: mtry=149 
+ Fold08: mtry=150 
- Fold08: mtry=150 
+ Fold08: mtry=151 
- Fold08: mtry=151 
+ Fold08: mtry=152 
- Fold08: mtry=152 
+ Fold08: mtry=153 
- Fold08: mtry=153 
+ Fold08: mtry=154 
- Fold08: mtry=154 
+ Fold08: mtry=155 
- Fold08: mtry=155 
+ Fold08: mtry=156 
- Fold08: mtry=156 
+ Fold08: mtry=157 
- Fold08: mtry=157 
+ Fold08: mtry=158 
- Fold08: mtry=158 
+ Fold08: mtry=159 
- Fold08: mtry=159 
+ Fold08: mtry=160 
- Fold08: mtry=160 
+ Fold08: mtry=161 
- Fold08: mtry=161 
+ Fold08: mtry=162 
- Fold08: mtry=162 
+ Fold08: mtry=163 
- Fold08: mtry=163 
+ Fold08: mtry=164 
- Fold08: mtry=164 
+ Fold08: mtry=165 
- Fold08: mtry=165 
+ Fold08: mtry=166 
- Fold08: mtry=166 
+ Fold08: mtry=167 
- Fold08: mtry=167 
+ Fold08: mtry=168 
- Fold08: mtry=168 
+ Fold08: mtry=169 
- Fold08: mtry=169 
+ Fold08: mtry=170 
- Fold08: mtry=170 
+ Fold08: mtry=171 
- Fold08: mtry=171 
+ Fold08: mtry=172 
- Fold08: mtry=172 
+ Fold08: mtry=173 
- Fold08: mtry=173 
+ Fold08: mtry=174 
- Fold08: mtry=174 
+ Fold08: mtry=175 
- Fold08: mtry=175 
+ Fold08: mtry=176 
- Fold08: mtry=176 
+ Fold08: mtry=177 
- Fold08: mtry=177 
+ Fold08: mtry=178 
- Fold08: mtry=178 
+ Fold08: mtry=179 
- Fold08: mtry=179 
+ Fold08: mtry=180 
- Fold08: mtry=180 
+ Fold08: mtry=181 
- Fold08: mtry=181 
+ Fold08: mtry=182 
- Fold08: mtry=182 
+ Fold08: mtry=183 
- Fold08: mtry=183 
+ Fold08: mtry=184 
- Fold08: mtry=184 
+ Fold08: mtry=185 
- Fold08: mtry=185 
+ Fold08: mtry=186 
- Fold08: mtry=186 
+ Fold08: mtry=187 
- Fold08: mtry=187 
+ Fold08: mtry=188 
- Fold08: mtry=188 
+ Fold08: mtry=189 
- Fold08: mtry=189 
+ Fold08: mtry=190 
- Fold08: mtry=190 
+ Fold08: mtry=191 
- Fold08: mtry=191 
+ Fold08: mtry=192 
- Fold08: mtry=192 
+ Fold08: mtry=193 
- Fold08: mtry=193 
+ Fold08: mtry=194 
- Fold08: mtry=194 
+ Fold08: mtry=195 
- Fold08: mtry=195 
+ Fold08: mtry=196 
- Fold08: mtry=196 
+ Fold08: mtry=197 
- Fold08: mtry=197 
+ Fold08: mtry=198 
- Fold08: mtry=198 
+ Fold08: mtry=199 
- Fold08: mtry=199 
+ Fold08: mtry=200 
- Fold08: mtry=200 
+ Fold08: mtry=201 
- Fold08: mtry=201 
+ Fold08: mtry=202 
- Fold08: mtry=202 
+ Fold08: mtry=203 
- Fold08: mtry=203 
+ Fold08: mtry=204 
- Fold08: mtry=204 
+ Fold08: mtry=205 
- Fold08: mtry=205 
+ Fold08: mtry=206 
- Fold08: mtry=206 
+ Fold09: mtry=  1 
- Fold09: mtry=  1 
+ Fold09: mtry=  2 
- Fold09: mtry=  2 
+ Fold09: mtry=  3 
- Fold09: mtry=  3 
+ Fold09: mtry=  4 
- Fold09: mtry=  4 
+ Fold09: mtry=  5 
- Fold09: mtry=  5 
+ Fold09: mtry=  6 
- Fold09: mtry=  6 
+ Fold09: mtry=  7 
- Fold09: mtry=  7 
+ Fold09: mtry=  8 
- Fold09: mtry=  8 
+ Fold09: mtry=  9 
- Fold09: mtry=  9 
+ Fold09: mtry= 10 
- Fold09: mtry= 10 
+ Fold09: mtry= 11 
- Fold09: mtry= 11 
+ Fold09: mtry= 12 
- Fold09: mtry= 12 
+ Fold09: mtry= 13 
- Fold09: mtry= 13 
+ Fold09: mtry= 14 
- Fold09: mtry= 14 
+ Fold09: mtry= 15 
- Fold09: mtry= 15 
+ Fold09: mtry= 16 
- Fold09: mtry= 16 
+ Fold09: mtry= 17 
- Fold09: mtry= 17 
+ Fold09: mtry= 18 
- Fold09: mtry= 18 
+ Fold09: mtry= 19 
- Fold09: mtry= 19 
+ Fold09: mtry= 20 
- Fold09: mtry= 20 
+ Fold09: mtry= 21 
- Fold09: mtry= 21 
+ Fold09: mtry= 22 
- Fold09: mtry= 22 
+ Fold09: mtry= 23 
- Fold09: mtry= 23 
+ Fold09: mtry= 24 
- Fold09: mtry= 24 
+ Fold09: mtry= 25 
- Fold09: mtry= 25 
+ Fold09: mtry= 26 
- Fold09: mtry= 26 
+ Fold09: mtry= 27 
- Fold09: mtry= 27 
+ Fold09: mtry= 28 
- Fold09: mtry= 28 
+ Fold09: mtry= 29 
- Fold09: mtry= 29 
+ Fold09: mtry= 30 
- Fold09: mtry= 30 
+ Fold09: mtry= 31 
- Fold09: mtry= 31 
+ Fold09: mtry= 32 
- Fold09: mtry= 32 
+ Fold09: mtry= 33 
- Fold09: mtry= 33 
+ Fold09: mtry= 34 
- Fold09: mtry= 34 
+ Fold09: mtry= 35 
- Fold09: mtry= 35 
+ Fold09: mtry= 36 
- Fold09: mtry= 36 
+ Fold09: mtry= 37 
- Fold09: mtry= 37 
+ Fold09: mtry= 38 
- Fold09: mtry= 38 
+ Fold09: mtry= 39 
- Fold09: mtry= 39 
+ Fold09: mtry= 40 
- Fold09: mtry= 40 
+ Fold09: mtry= 41 
- Fold09: mtry= 41 
+ Fold09: mtry= 42 
- Fold09: mtry= 42 
+ Fold09: mtry= 43 
- Fold09: mtry= 43 
+ Fold09: mtry= 44 
- Fold09: mtry= 44 
+ Fold09: mtry= 45 
- Fold09: mtry= 45 
+ Fold09: mtry= 46 
- Fold09: mtry= 46 
+ Fold09: mtry= 47 
- Fold09: mtry= 47 
+ Fold09: mtry= 48 
- Fold09: mtry= 48 
+ Fold09: mtry= 49 
- Fold09: mtry= 49 
+ Fold09: mtry= 50 
- Fold09: mtry= 50 
+ Fold09: mtry= 51 
- Fold09: mtry= 51 
+ Fold09: mtry= 52 
- Fold09: mtry= 52 
+ Fold09: mtry= 53 
- Fold09: mtry= 53 
+ Fold09: mtry= 54 
- Fold09: mtry= 54 
+ Fold09: mtry= 55 
- Fold09: mtry= 55 
+ Fold09: mtry= 56 
- Fold09: mtry= 56 
+ Fold09: mtry= 57 
- Fold09: mtry= 57 
+ Fold09: mtry= 58 
- Fold09: mtry= 58 
+ Fold09: mtry= 59 
- Fold09: mtry= 59 
+ Fold09: mtry= 60 
- Fold09: mtry= 60 
+ Fold09: mtry= 61 
- Fold09: mtry= 61 
+ Fold09: mtry= 62 
- Fold09: mtry= 62 
+ Fold09: mtry= 63 
- Fold09: mtry= 63 
+ Fold09: mtry= 64 
- Fold09: mtry= 64 
+ Fold09: mtry= 65 
- Fold09: mtry= 65 
+ Fold09: mtry= 66 
- Fold09: mtry= 66 
+ Fold09: mtry= 67 
- Fold09: mtry= 67 
+ Fold09: mtry= 68 
- Fold09: mtry= 68 
+ Fold09: mtry= 69 
- Fold09: mtry= 69 
+ Fold09: mtry= 70 
- Fold09: mtry= 70 
+ Fold09: mtry= 71 
- Fold09: mtry= 71 
+ Fold09: mtry= 72 
- Fold09: mtry= 72 
+ Fold09: mtry= 73 
- Fold09: mtry= 73 
+ Fold09: mtry= 74 
- Fold09: mtry= 74 
+ Fold09: mtry= 75 
- Fold09: mtry= 75 
+ Fold09: mtry= 76 
- Fold09: mtry= 76 
+ Fold09: mtry= 77 
- Fold09: mtry= 77 
+ Fold09: mtry= 78 
- Fold09: mtry= 78 
+ Fold09: mtry= 79 
- Fold09: mtry= 79 
+ Fold09: mtry= 80 
- Fold09: mtry= 80 
+ Fold09: mtry= 81 
- Fold09: mtry= 81 
+ Fold09: mtry= 82 
- Fold09: mtry= 82 
+ Fold09: mtry= 83 
- Fold09: mtry= 83 
+ Fold09: mtry= 84 
- Fold09: mtry= 84 
+ Fold09: mtry= 85 
- Fold09: mtry= 85 
+ Fold09: mtry= 86 
- Fold09: mtry= 86 
+ Fold09: mtry= 87 
- Fold09: mtry= 87 
+ Fold09: mtry= 88 
- Fold09: mtry= 88 
+ Fold09: mtry= 89 
- Fold09: mtry= 89 
+ Fold09: mtry= 90 
- Fold09: mtry= 90 
+ Fold09: mtry= 91 
- Fold09: mtry= 91 
+ Fold09: mtry= 92 
- Fold09: mtry= 92 
+ Fold09: mtry= 93 
- Fold09: mtry= 93 
+ Fold09: mtry= 94 
- Fold09: mtry= 94 
+ Fold09: mtry= 95 
- Fold09: mtry= 95 
+ Fold09: mtry= 96 
- Fold09: mtry= 96 
+ Fold09: mtry= 97 
- Fold09: mtry= 97 
+ Fold09: mtry= 98 
- Fold09: mtry= 98 
+ Fold09: mtry= 99 
- Fold09: mtry= 99 
+ Fold09: mtry=100 
- Fold09: mtry=100 
+ Fold09: mtry=101 
- Fold09: mtry=101 
+ Fold09: mtry=102 
- Fold09: mtry=102 
+ Fold09: mtry=103 
- Fold09: mtry=103 
+ Fold09: mtry=104 
- Fold09: mtry=104 
+ Fold09: mtry=105 
- Fold09: mtry=105 
+ Fold09: mtry=106 
- Fold09: mtry=106 
+ Fold09: mtry=107 
- Fold09: mtry=107 
+ Fold09: mtry=108 
- Fold09: mtry=108 
+ Fold09: mtry=109 
- Fold09: mtry=109 
+ Fold09: mtry=110 
- Fold09: mtry=110 
+ Fold09: mtry=111 
- Fold09: mtry=111 
+ Fold09: mtry=112 
- Fold09: mtry=112 
+ Fold09: mtry=113 
- Fold09: mtry=113 
+ Fold09: mtry=114 
- Fold09: mtry=114 
+ Fold09: mtry=115 
- Fold09: mtry=115 
+ Fold09: mtry=116 
- Fold09: mtry=116 
+ Fold09: mtry=117 
- Fold09: mtry=117 
+ Fold09: mtry=118 
- Fold09: mtry=118 
+ Fold09: mtry=119 
- Fold09: mtry=119 
+ Fold09: mtry=120 
- Fold09: mtry=120 
+ Fold09: mtry=121 
- Fold09: mtry=121 
+ Fold09: mtry=122 
- Fold09: mtry=122 
+ Fold09: mtry=123 
- Fold09: mtry=123 
+ Fold09: mtry=124 
- Fold09: mtry=124 
+ Fold09: mtry=125 
- Fold09: mtry=125 
+ Fold09: mtry=126 
- Fold09: mtry=126 
+ Fold09: mtry=127 
- Fold09: mtry=127 
+ Fold09: mtry=128 
- Fold09: mtry=128 
+ Fold09: mtry=129 
- Fold09: mtry=129 
+ Fold09: mtry=130 
- Fold09: mtry=130 
+ Fold09: mtry=131 
- Fold09: mtry=131 
+ Fold09: mtry=132 
- Fold09: mtry=132 
+ Fold09: mtry=133 
- Fold09: mtry=133 
+ Fold09: mtry=134 
- Fold09: mtry=134 
+ Fold09: mtry=135 
- Fold09: mtry=135 
+ Fold09: mtry=136 
- Fold09: mtry=136 
+ Fold09: mtry=137 
- Fold09: mtry=137 
+ Fold09: mtry=138 
- Fold09: mtry=138 
+ Fold09: mtry=139 
- Fold09: mtry=139 
+ Fold09: mtry=140 
- Fold09: mtry=140 
+ Fold09: mtry=141 
- Fold09: mtry=141 
+ Fold09: mtry=142 
- Fold09: mtry=142 
+ Fold09: mtry=143 
- Fold09: mtry=143 
+ Fold09: mtry=144 
- Fold09: mtry=144 
+ Fold09: mtry=145 
- Fold09: mtry=145 
+ Fold09: mtry=146 
- Fold09: mtry=146 
+ Fold09: mtry=147 
- Fold09: mtry=147 
+ Fold09: mtry=148 
- Fold09: mtry=148 
+ Fold09: mtry=149 
- Fold09: mtry=149 
+ Fold09: mtry=150 
- Fold09: mtry=150 
+ Fold09: mtry=151 
- Fold09: mtry=151 
+ Fold09: mtry=152 
- Fold09: mtry=152 
+ Fold09: mtry=153 
- Fold09: mtry=153 
+ Fold09: mtry=154 
- Fold09: mtry=154 
+ Fold09: mtry=155 
- Fold09: mtry=155 
+ Fold09: mtry=156 
- Fold09: mtry=156 
+ Fold09: mtry=157 
- Fold09: mtry=157 
+ Fold09: mtry=158 
- Fold09: mtry=158 
+ Fold09: mtry=159 
- Fold09: mtry=159 
+ Fold09: mtry=160 
- Fold09: mtry=160 
+ Fold09: mtry=161 
- Fold09: mtry=161 
+ Fold09: mtry=162 
- Fold09: mtry=162 
+ Fold09: mtry=163 
- Fold09: mtry=163 
+ Fold09: mtry=164 
- Fold09: mtry=164 
+ Fold09: mtry=165 
- Fold09: mtry=165 
+ Fold09: mtry=166 
- Fold09: mtry=166 
+ Fold09: mtry=167 
- Fold09: mtry=167 
+ Fold09: mtry=168 
- Fold09: mtry=168 
+ Fold09: mtry=169 
- Fold09: mtry=169 
+ Fold09: mtry=170 
- Fold09: mtry=170 
+ Fold09: mtry=171 
- Fold09: mtry=171 
+ Fold09: mtry=172 
- Fold09: mtry=172 
+ Fold09: mtry=173 
- Fold09: mtry=173 
+ Fold09: mtry=174 
- Fold09: mtry=174 
+ Fold09: mtry=175 
- Fold09: mtry=175 
+ Fold09: mtry=176 
- Fold09: mtry=176 
+ Fold09: mtry=177 
- Fold09: mtry=177 
+ Fold09: mtry=178 
- Fold09: mtry=178 
+ Fold09: mtry=179 
- Fold09: mtry=179 
+ Fold09: mtry=180 
- Fold09: mtry=180 
+ Fold09: mtry=181 
- Fold09: mtry=181 
+ Fold09: mtry=182 
- Fold09: mtry=182 
+ Fold09: mtry=183 
- Fold09: mtry=183 
+ Fold09: mtry=184 
- Fold09: mtry=184 
+ Fold09: mtry=185 
- Fold09: mtry=185 
+ Fold09: mtry=186 
- Fold09: mtry=186 
+ Fold09: mtry=187 
- Fold09: mtry=187 
+ Fold09: mtry=188 
- Fold09: mtry=188 
+ Fold09: mtry=189 
- Fold09: mtry=189 
+ Fold09: mtry=190 
- Fold09: mtry=190 
+ Fold09: mtry=191 
- Fold09: mtry=191 
+ Fold09: mtry=192 
- Fold09: mtry=192 
+ Fold09: mtry=193 
- Fold09: mtry=193 
+ Fold09: mtry=194 
- Fold09: mtry=194 
+ Fold09: mtry=195 
- Fold09: mtry=195 
+ Fold09: mtry=196 
- Fold09: mtry=196 
+ Fold09: mtry=197 
- Fold09: mtry=197 
+ Fold09: mtry=198 
- Fold09: mtry=198 
+ Fold09: mtry=199 
- Fold09: mtry=199 
+ Fold09: mtry=200 
- Fold09: mtry=200 
+ Fold09: mtry=201 
- Fold09: mtry=201 
+ Fold09: mtry=202 
- Fold09: mtry=202 
+ Fold09: mtry=203 
- Fold09: mtry=203 
+ Fold09: mtry=204 
- Fold09: mtry=204 
+ Fold09: mtry=205 
- Fold09: mtry=205 
+ Fold09: mtry=206 
- Fold09: mtry=206 
+ Fold10: mtry=  1 
- Fold10: mtry=  1 
+ Fold10: mtry=  2 
- Fold10: mtry=  2 
+ Fold10: mtry=  3 
- Fold10: mtry=  3 
+ Fold10: mtry=  4 
- Fold10: mtry=  4 
+ Fold10: mtry=  5 
- Fold10: mtry=  5 
+ Fold10: mtry=  6 
- Fold10: mtry=  6 
+ Fold10: mtry=  7 
- Fold10: mtry=  7 
+ Fold10: mtry=  8 
- Fold10: mtry=  8 
+ Fold10: mtry=  9 
- Fold10: mtry=  9 
+ Fold10: mtry= 10 
- Fold10: mtry= 10 
+ Fold10: mtry= 11 
- Fold10: mtry= 11 
+ Fold10: mtry= 12 
- Fold10: mtry= 12 
+ Fold10: mtry= 13 
- Fold10: mtry= 13 
+ Fold10: mtry= 14 
- Fold10: mtry= 14 
+ Fold10: mtry= 15 
- Fold10: mtry= 15 
+ Fold10: mtry= 16 
- Fold10: mtry= 16 
+ Fold10: mtry= 17 
- Fold10: mtry= 17 
+ Fold10: mtry= 18 
- Fold10: mtry= 18 
+ Fold10: mtry= 19 
- Fold10: mtry= 19 
+ Fold10: mtry= 20 
- Fold10: mtry= 20 
+ Fold10: mtry= 21 
- Fold10: mtry= 21 
+ Fold10: mtry= 22 
- Fold10: mtry= 22 
+ Fold10: mtry= 23 
- Fold10: mtry= 23 
+ Fold10: mtry= 24 
- Fold10: mtry= 24 
+ Fold10: mtry= 25 
- Fold10: mtry= 25 
+ Fold10: mtry= 26 
- Fold10: mtry= 26 
+ Fold10: mtry= 27 
- Fold10: mtry= 27 
+ Fold10: mtry= 28 
- Fold10: mtry= 28 
+ Fold10: mtry= 29 
- Fold10: mtry= 29 
+ Fold10: mtry= 30 
- Fold10: mtry= 30 
+ Fold10: mtry= 31 
- Fold10: mtry= 31 
+ Fold10: mtry= 32 
- Fold10: mtry= 32 
+ Fold10: mtry= 33 
- Fold10: mtry= 33 
+ Fold10: mtry= 34 
- Fold10: mtry= 34 
+ Fold10: mtry= 35 
- Fold10: mtry= 35 
+ Fold10: mtry= 36 
- Fold10: mtry= 36 
+ Fold10: mtry= 37 
- Fold10: mtry= 37 
+ Fold10: mtry= 38 
- Fold10: mtry= 38 
+ Fold10: mtry= 39 
- Fold10: mtry= 39 
+ Fold10: mtry= 40 
- Fold10: mtry= 40 
+ Fold10: mtry= 41 
- Fold10: mtry= 41 
+ Fold10: mtry= 42 
- Fold10: mtry= 42 
+ Fold10: mtry= 43 
- Fold10: mtry= 43 
+ Fold10: mtry= 44 
- Fold10: mtry= 44 
+ Fold10: mtry= 45 
- Fold10: mtry= 45 
+ Fold10: mtry= 46 
- Fold10: mtry= 46 
+ Fold10: mtry= 47 
- Fold10: mtry= 47 
+ Fold10: mtry= 48 
- Fold10: mtry= 48 
+ Fold10: mtry= 49 
- Fold10: mtry= 49 
+ Fold10: mtry= 50 
- Fold10: mtry= 50 
+ Fold10: mtry= 51 
- Fold10: mtry= 51 
+ Fold10: mtry= 52 
- Fold10: mtry= 52 
+ Fold10: mtry= 53 
- Fold10: mtry= 53 
+ Fold10: mtry= 54 
- Fold10: mtry= 54 
+ Fold10: mtry= 55 
- Fold10: mtry= 55 
+ Fold10: mtry= 56 
- Fold10: mtry= 56 
+ Fold10: mtry= 57 
- Fold10: mtry= 57 
+ Fold10: mtry= 58 
- Fold10: mtry= 58 
+ Fold10: mtry= 59 
- Fold10: mtry= 59 
+ Fold10: mtry= 60 
- Fold10: mtry= 60 
+ Fold10: mtry= 61 
- Fold10: mtry= 61 
+ Fold10: mtry= 62 
- Fold10: mtry= 62 
+ Fold10: mtry= 63 
- Fold10: mtry= 63 
+ Fold10: mtry= 64 
- Fold10: mtry= 64 
+ Fold10: mtry= 65 
- Fold10: mtry= 65 
+ Fold10: mtry= 66 
- Fold10: mtry= 66 
+ Fold10: mtry= 67 
- Fold10: mtry= 67 
+ Fold10: mtry= 68 
- Fold10: mtry= 68 
+ Fold10: mtry= 69 
- Fold10: mtry= 69 
+ Fold10: mtry= 70 
- Fold10: mtry= 70 
+ Fold10: mtry= 71 
- Fold10: mtry= 71 
+ Fold10: mtry= 72 
- Fold10: mtry= 72 
+ Fold10: mtry= 73 
- Fold10: mtry= 73 
+ Fold10: mtry= 74 
- Fold10: mtry= 74 
+ Fold10: mtry= 75 
- Fold10: mtry= 75 
+ Fold10: mtry= 76 
- Fold10: mtry= 76 
+ Fold10: mtry= 77 
- Fold10: mtry= 77 
+ Fold10: mtry= 78 
- Fold10: mtry= 78 
+ Fold10: mtry= 79 
- Fold10: mtry= 79 
+ Fold10: mtry= 80 
- Fold10: mtry= 80 
+ Fold10: mtry= 81 
- Fold10: mtry= 81 
+ Fold10: mtry= 82 
- Fold10: mtry= 82 
+ Fold10: mtry= 83 
- Fold10: mtry= 83 
+ Fold10: mtry= 84 
- Fold10: mtry= 84 
+ Fold10: mtry= 85 
- Fold10: mtry= 85 
+ Fold10: mtry= 86 
- Fold10: mtry= 86 
+ Fold10: mtry= 87 
- Fold10: mtry= 87 
+ Fold10: mtry= 88 
- Fold10: mtry= 88 
+ Fold10: mtry= 89 
- Fold10: mtry= 89 
+ Fold10: mtry= 90 
- Fold10: mtry= 90 
+ Fold10: mtry= 91 
- Fold10: mtry= 91 
+ Fold10: mtry= 92 
- Fold10: mtry= 92 
+ Fold10: mtry= 93 
- Fold10: mtry= 93 
+ Fold10: mtry= 94 
- Fold10: mtry= 94 
+ Fold10: mtry= 95 
- Fold10: mtry= 95 
+ Fold10: mtry= 96 
- Fold10: mtry= 96 
+ Fold10: mtry= 97 
- Fold10: mtry= 97 
+ Fold10: mtry= 98 
- Fold10: mtry= 98 
+ Fold10: mtry= 99 
- Fold10: mtry= 99 
+ Fold10: mtry=100 
- Fold10: mtry=100 
+ Fold10: mtry=101 
- Fold10: mtry=101 
+ Fold10: mtry=102 
- Fold10: mtry=102 
+ Fold10: mtry=103 
- Fold10: mtry=103 
+ Fold10: mtry=104 
- Fold10: mtry=104 
+ Fold10: mtry=105 
- Fold10: mtry=105 
+ Fold10: mtry=106 
- Fold10: mtry=106 
+ Fold10: mtry=107 
- Fold10: mtry=107 
+ Fold10: mtry=108 
- Fold10: mtry=108 
+ Fold10: mtry=109 
- Fold10: mtry=109 
+ Fold10: mtry=110 
- Fold10: mtry=110 
+ Fold10: mtry=111 
- Fold10: mtry=111 
+ Fold10: mtry=112 
- Fold10: mtry=112 
+ Fold10: mtry=113 
- Fold10: mtry=113 
+ Fold10: mtry=114 
- Fold10: mtry=114 
+ Fold10: mtry=115 
- Fold10: mtry=115 
+ Fold10: mtry=116 
- Fold10: mtry=116 
+ Fold10: mtry=117 
- Fold10: mtry=117 
+ Fold10: mtry=118 
- Fold10: mtry=118 
+ Fold10: mtry=119 
- Fold10: mtry=119 
+ Fold10: mtry=120 
- Fold10: mtry=120 
+ Fold10: mtry=121 
- Fold10: mtry=121 
+ Fold10: mtry=122 
- Fold10: mtry=122 
+ Fold10: mtry=123 
- Fold10: mtry=123 
+ Fold10: mtry=124 
- Fold10: mtry=124 
+ Fold10: mtry=125 
- Fold10: mtry=125 
+ Fold10: mtry=126 
- Fold10: mtry=126 
+ Fold10: mtry=127 
- Fold10: mtry=127 
+ Fold10: mtry=128 
- Fold10: mtry=128 
+ Fold10: mtry=129 
- Fold10: mtry=129 
+ Fold10: mtry=130 
- Fold10: mtry=130 
+ Fold10: mtry=131 
- Fold10: mtry=131 
+ Fold10: mtry=132 
- Fold10: mtry=132 
+ Fold10: mtry=133 
- Fold10: mtry=133 
+ Fold10: mtry=134 
- Fold10: mtry=134 
+ Fold10: mtry=135 
- Fold10: mtry=135 
+ Fold10: mtry=136 
- Fold10: mtry=136 
+ Fold10: mtry=137 
- Fold10: mtry=137 
+ Fold10: mtry=138 
- Fold10: mtry=138 
+ Fold10: mtry=139 
- Fold10: mtry=139 
+ Fold10: mtry=140 
- Fold10: mtry=140 
+ Fold10: mtry=141 
- Fold10: mtry=141 
+ Fold10: mtry=142 
- Fold10: mtry=142 
+ Fold10: mtry=143 
- Fold10: mtry=143 
+ Fold10: mtry=144 
- Fold10: mtry=144 
+ Fold10: mtry=145 
- Fold10: mtry=145 
+ Fold10: mtry=146 
- Fold10: mtry=146 
+ Fold10: mtry=147 
- Fold10: mtry=147 
+ Fold10: mtry=148 
- Fold10: mtry=148 
+ Fold10: mtry=149 
- Fold10: mtry=149 
+ Fold10: mtry=150 
- Fold10: mtry=150 
+ Fold10: mtry=151 
- Fold10: mtry=151 
+ Fold10: mtry=152 
- Fold10: mtry=152 
+ Fold10: mtry=153 
- Fold10: mtry=153 
+ Fold10: mtry=154 
- Fold10: mtry=154 
+ Fold10: mtry=155 
- Fold10: mtry=155 
+ Fold10: mtry=156 
- Fold10: mtry=156 
+ Fold10: mtry=157 
- Fold10: mtry=157 
+ Fold10: mtry=158 
- Fold10: mtry=158 
+ Fold10: mtry=159 
- Fold10: mtry=159 
+ Fold10: mtry=160 
- Fold10: mtry=160 
+ Fold10: mtry=161 
- Fold10: mtry=161 
+ Fold10: mtry=162 
- Fold10: mtry=162 
+ Fold10: mtry=163 
- Fold10: mtry=163 
+ Fold10: mtry=164 
- Fold10: mtry=164 
+ Fold10: mtry=165 
- Fold10: mtry=165 
+ Fold10: mtry=166 
- Fold10: mtry=166 
+ Fold10: mtry=167 
- Fold10: mtry=167 
+ Fold10: mtry=168 
- Fold10: mtry=168 
+ Fold10: mtry=169 
- Fold10: mtry=169 
+ Fold10: mtry=170 
- Fold10: mtry=170 
+ Fold10: mtry=171 
- Fold10: mtry=171 
+ Fold10: mtry=172 
- Fold10: mtry=172 
+ Fold10: mtry=173 
- Fold10: mtry=173 
+ Fold10: mtry=174 
- Fold10: mtry=174 
+ Fold10: mtry=175 
- Fold10: mtry=175 
+ Fold10: mtry=176 
- Fold10: mtry=176 
+ Fold10: mtry=177 
- Fold10: mtry=177 
+ Fold10: mtry=178 
- Fold10: mtry=178 
+ Fold10: mtry=179 
- Fold10: mtry=179 
+ Fold10: mtry=180 
- Fold10: mtry=180 
+ Fold10: mtry=181 
- Fold10: mtry=181 
+ Fold10: mtry=182 
- Fold10: mtry=182 
+ Fold10: mtry=183 
- Fold10: mtry=183 
+ Fold10: mtry=184 
- Fold10: mtry=184 
+ Fold10: mtry=185 
- Fold10: mtry=185 
+ Fold10: mtry=186 
- Fold10: mtry=186 
+ Fold10: mtry=187 
- Fold10: mtry=187 
+ Fold10: mtry=188 
- Fold10: mtry=188 
+ Fold10: mtry=189 
- Fold10: mtry=189 
+ Fold10: mtry=190 
- Fold10: mtry=190 
+ Fold10: mtry=191 
- Fold10: mtry=191 
+ Fold10: mtry=192 
- Fold10: mtry=192 
+ Fold10: mtry=193 
- Fold10: mtry=193 
+ Fold10: mtry=194 
- Fold10: mtry=194 
+ Fold10: mtry=195 
- Fold10: mtry=195 
+ Fold10: mtry=196 
- Fold10: mtry=196 
+ Fold10: mtry=197 
- Fold10: mtry=197 
+ Fold10: mtry=198 
- Fold10: mtry=198 
+ Fold10: mtry=199 
- Fold10: mtry=199 
+ Fold10: mtry=200 
- Fold10: mtry=200 
+ Fold10: mtry=201 
- Fold10: mtry=201 
+ Fold10: mtry=202 
- Fold10: mtry=202 
+ Fold10: mtry=203 
- Fold10: mtry=203 
+ Fold10: mtry=204 
- Fold10: mtry=204 
+ Fold10: mtry=205 
- Fold10: mtry=205 
+ Fold10: mtry=206 
- Fold10: mtry=206 
Aggregating results
Selecting tuning parameters
Fitting mtry = 2 on full training set
