randomForest 4.7-1.1
Type rfNews() to see new features/changes/bug fixes.
Loading required package: ggplot2

Attaching package: ‘ggplot2’

The following object is masked from ‘package:randomForest’:

    margin

Loading required package: lattice
── Attaching core tidyverse packages ──────────────────────── tidyverse 2.0.0 ──
✔ dplyr     1.1.4     ✔ readr     2.1.5
✔ forcats   1.0.0     ✔ stringr   1.5.1
✔ lubridate 1.9.3     ✔ tibble    3.2.1
✔ purrr     1.0.2     ✔ tidyr     1.3.1
── Conflicts ────────────────────────────────────────── tidyverse_conflicts() ──
✖ dplyr::combine()  masks randomForest::combine()
✖ dplyr::filter()   masks stats::filter()
✖ dplyr::lag()      masks stats::lag()
✖ purrr::lift()     masks caret::lift()
✖ ggplot2::margin() masks randomForest::margin()
ℹ Use the conflicted package (<http://conflicted.r-lib.org/>) to force all conflicts to become errors
There were 50 or more warnings (use warnings() to see the first 50)
